{"/Users/robin/chileme/src/lib/auth.ts": {"path":"/Users/robin/chileme/src/lib/auth.ts","statementMap":{"0":{"start":{"line":18,"column":24},"end":{"line":65,"column":null}},"1":{"start":{"line":23,"column":2},"end":{"line":64,"column":null}},"2":{"start":{"line":25,"column":49},"end":{"line":34,"column":null}},"3":{"start":{"line":36,"column":4},"end":{"line":38,"column":null}},"4":{"start":{"line":37,"column":6},"end":{"line":37,"column":null}},"5":{"start":{"line":40,"column":4},"end":{"line":42,"column":null}},"6":{"start":{"line":41,"column":6},"end":{"line":41,"column":null}},"7":{"start":{"line":46,"column":4},"end":{"line":46,"column":null}},"8":{"start":{"line":46,"column":33},"end":{"line":46,"column":57}},"9":{"start":{"line":49,"column":34},"end":{"line":53,"column":null}},"10":{"start":{"line":55,"column":4},"end":{"line":58,"column":null}},"11":{"start":{"line":60,"column":4},"end":{"line":63,"column":null}},"12":{"start":{"line":68,"column":21},"end":{"line":132,"column":null}},"13":{"start":{"line":72,"column":2},"end":{"line":131,"column":null}},"14":{"start":{"line":74,"column":49},"end":{"line":77,"column":null}},"15":{"start":{"line":79,"column":4},"end":{"line":91,"column":null}},"16":{"start":{"line":81,"column":36},"end":{"line":85,"column":null}},"17":{"start":{"line":87,"column":6},"end":{"line":90,"column":null}},"18":{"start":{"line":95,"column":55},"end":{"line":99,"column":null}},"19":{"start":{"line":101,"column":4},"end":{"line":103,"column":null}},"20":{"start":{"line":102,"column":6},"end":{"line":102,"column":null}},"21":{"start":{"line":106,"column":59},"end":{"line":109,"column":null}},"22":{"start":{"line":111,"column":4},"end":{"line":113,"column":null}},"23":{"start":{"line":112,"column":6},"end":{"line":112,"column":null}},"24":{"start":{"line":116,"column":38},"end":{"line":120,"column":null}},"25":{"start":{"line":122,"column":4},"end":{"line":125,"column":null}},"26":{"start":{"line":127,"column":4},"end":{"line":130,"column":null}},"27":{"start":{"line":135,"column":22},"end":{"line":150,"column":null}},"28":{"start":{"line":136,"column":2},"end":{"line":149,"column":null}},"29":{"start":{"line":137,"column":22},"end":{"line":137,"column":null}},"30":{"start":{"line":139,"column":4},"end":{"line":141,"column":null}},"31":{"start":{"line":140,"column":6},"end":{"line":140,"column":null}},"32":{"start":{"line":143,"column":4},"end":{"line":143,"column":null}},"33":{"start":{"line":145,"column":4},"end":{"line":148,"column":null}},"34":{"start":{"line":153,"column":30},"end":{"line":172,"column":null}},"35":{"start":{"line":154,"column":2},"end":{"line":171,"column":null}},"36":{"start":{"line":155,"column":31},"end":{"line":155,"column":null}},"37":{"start":{"line":157,"column":4},"end":{"line":159,"column":null}},"38":{"start":{"line":158,"column":6},"end":{"line":158,"column":null}},"39":{"start":{"line":161,"column":34},"end":{"line":165,"column":null}},"40":{"start":{"line":167,"column":4},"end":{"line":167,"column":null}},"41":{"start":{"line":169,"column":4},"end":{"line":169,"column":null}},"42":{"start":{"line":170,"column":4},"end":{"line":170,"column":null}},"43":{"start":{"line":175,"column":26},"end":{"line":178,"column":null}},"44":{"start":{"line":176,"column":15},"end":{"line":176,"column":null}},"45":{"start":{"line":177,"column":2},"end":{"line":177,"column":null}},"46":{"start":{"line":181,"column":23},"end":{"line":184,"column":null}},"47":{"start":{"line":182,"column":15},"end":{"line":182,"column":null}},"48":{"start":{"line":183,"column":2},"end":{"line":183,"column":null}}},"fnMap":{"0":{"name":"(anonymous_0)","decl":{"start":{"line":18,"column":24},"end":{"line":18,"column":null}},"loc":{"start":{"line":22,"column":28},"end":{"line":65,"column":null}},"line":22},"1":{"name":"(anonymous_1)","decl":{"start":{"line":46,"column":22},"end":{"line":46,"column":33}},"loc":{"start":{"line":46,"column":33},"end":{"line":46,"column":57}},"line":46},"2":{"name":"(anonymous_2)","decl":{"start":{"line":68,"column":21},"end":{"line":68,"column":null}},"loc":{"start":{"line":71,"column":28},"end":{"line":132,"column":null}},"line":71},"3":{"name":"(anonymous_3)","decl":{"start":{"line":135,"column":22},"end":{"line":135,"column":83}},"loc":{"start":{"line":135,"column":83},"end":{"line":150,"column":null}},"line":135},"4":{"name":"(anonymous_4)","decl":{"start":{"line":153,"column":30},"end":{"line":153,"column":64}},"loc":{"start":{"line":153,"column":64},"end":{"line":172,"column":null}},"line":153},"5":{"name":"(anonymous_5)","decl":{"start":{"line":175,"column":26},"end":{"line":175,"column":56}},"loc":{"start":{"line":175,"column":56},"end":{"line":178,"column":null}},"line":175},"6":{"name":"(anonymous_6)","decl":{"start":{"line":181,"column":23},"end":{"line":181,"column":53}},"loc":{"start":{"line":181,"column":53},"end":{"line":184,"column":null}},"line":181}},"branchMap":{"0":{"loc":{"start":{"line":36,"column":4},"end":{"line":38,"column":null}},"type":"if","locations":[{"start":{"line":36,"column":4},"end":{"line":38,"column":null}},{"start":{},"end":{}}],"line":36},"1":{"loc":{"start":{"line":40,"column":4},"end":{"line":42,"column":null}},"type":"if","locations":[{"start":{"line":40,"column":4},"end":{"line":42,"column":null}},{"start":{},"end":{}}],"line":40},"2":{"loc":{"start":{"line":62,"column":15},"end":{"line":62,"column":null}},"type":"binary-expr","locations":[{"start":{"line":62,"column":15},"end":{"line":62,"column":32}},{"start":{"line":62,"column":32},"end":{"line":62,"column":null}}],"line":62},"3":{"loc":{"start":{"line":79,"column":4},"end":{"line":91,"column":null}},"type":"if","locations":[{"start":{"line":79,"column":4},"end":{"line":91,"column":null}},{"start":{},"end":{}}],"line":79},"4":{"loc":{"start":{"line":79,"column":8},"end":{"line":79,"column":37}},"type":"binary-expr","locations":[{"start":{"line":79,"column":8},"end":{"line":79,"column":22}},{"start":{"line":79,"column":22},"end":{"line":79,"column":37}}],"line":79},"5":{"loc":{"start":{"line":101,"column":4},"end":{"line":103,"column":null}},"type":"if","locations":[{"start":{"line":101,"column":4},"end":{"line":103,"column":null}},{"start":{},"end":{}}],"line":101},"6":{"loc":{"start":{"line":101,"column":8},"end":{"line":101,"column":38}},"type":"binary-expr","locations":[{"start":{"line":101,"column":8},"end":{"line":101,"column":24}},{"start":{"line":101,"column":24},"end":{"line":101,"column":38}}],"line":101},"7":{"loc":{"start":{"line":111,"column":4},"end":{"line":113,"column":null}},"type":"if","locations":[{"start":{"line":111,"column":4},"end":{"line":113,"column":null}},{"start":{},"end":{}}],"line":111},"8":{"loc":{"start":{"line":129,"column":15},"end":{"line":129,"column":null}},"type":"binary-expr","locations":[{"start":{"line":129,"column":15},"end":{"line":129,"column":32}},{"start":{"line":129,"column":32},"end":{"line":129,"column":null}}],"line":129},"9":{"loc":{"start":{"line":139,"column":4},"end":{"line":141,"column":null}},"type":"if","locations":[{"start":{"line":139,"column":4},"end":{"line":141,"column":null}},{"start":{},"end":{}}],"line":139},"10":{"loc":{"start":{"line":147,"column":15},"end":{"line":147,"column":null}},"type":"binary-expr","locations":[{"start":{"line":147,"column":15},"end":{"line":147,"column":32}},{"start":{"line":147,"column":32},"end":{"line":147,"column":null}}],"line":147},"11":{"loc":{"start":{"line":157,"column":4},"end":{"line":159,"column":null}},"type":"if","locations":[{"start":{"line":157,"column":4},"end":{"line":159,"column":null}},{"start":{},"end":{}}],"line":157},"12":{"loc":{"start":{"line":167,"column":11},"end":{"line":167,"column":null}},"type":"binary-expr","locations":[{"start":{"line":167,"column":11},"end":{"line":167,"column":26}},{"start":{"line":167,"column":26},"end":{"line":167,"column":null}}],"line":167}},"s":{"0":0,"1":0,"2":0,"3":0,"4":0,"5":0,"6":0,"7":0,"8":0,"9":0,"10":0,"11":0,"12":0,"13":0,"14":0,"15":0,"16":0,"17":0,"18":0,"19":0,"20":0,"21":0,"22":0,"23":0,"24":0,"25":0,"26":0,"27":0,"28":0,"29":0,"30":0,"31":0,"32":0,"33":0,"34":0,"35":0,"36":0,"37":0,"38":0,"39":0,"40":0,"41":0,"42":0,"43":0,"44":0,"45":0,"46":0,"47":0,"48":0},"f":{"0":0,"1":0,"2":0,"3":0,"4":0,"5":0,"6":0},"b":{"0":[0,0],"1":[0,0],"2":[0,0],"3":[0,0],"4":[0,0],"5":[0,0],"6":[0,0],"7":[0,0],"8":[0,0],"9":[0,0],"10":[0,0],"11":[0,0],"12":[0,0]},"meta":{"lastBranch":13,"lastFunction":7,"lastStatement":49,"seen":{"s:18:24:65:Infinity":0,"f:18:24:18:Infinity":0,"s:23:2:64:Infinity":1,"s:25:49:34:Infinity":2,"b:36:4:38:Infinity:undefined:undefined:undefined:undefined":0,"s:36:4:38:Infinity":3,"s:37:6:37:Infinity":4,"b:40:4:42:Infinity:undefined:undefined:undefined:undefined":1,"s:40:4:42:Infinity":5,"s:41:6:41:Infinity":6,"s:46:4:46:Infinity":7,"f:46:22:46:33":1,"s:46:33:46:57":8,"s:49:34:53:Infinity":9,"s:55:4:58:Infinity":10,"s:60:4:63:Infinity":11,"b:62:15:62:32:62:32:62:Infinity":2,"s:68:21:132:Infinity":12,"f:68:21:68:Infinity":2,"s:72:2:131:Infinity":13,"s:74:49:77:Infinity":14,"b:79:4:91:Infinity:undefined:undefined:undefined:undefined":3,"s:79:4:91:Infinity":15,"b:79:8:79:22:79:22:79:37":4,"s:81:36:85:Infinity":16,"s:87:6:90:Infinity":17,"s:95:55:99:Infinity":18,"b:101:4:103:Infinity:undefined:undefined:undefined:undefined":5,"s:101:4:103:Infinity":19,"b:101:8:101:24:101:24:101:38":6,"s:102:6:102:Infinity":20,"s:106:59:109:Infinity":21,"b:111:4:113:Infinity:undefined:undefined:undefined:undefined":7,"s:111:4:113:Infinity":22,"s:112:6:112:Infinity":23,"s:116:38:120:Infinity":24,"s:122:4:125:Infinity":25,"s:127:4:130:Infinity":26,"b:129:15:129:32:129:32:129:Infinity":8,"s:135:22:150:Infinity":27,"f:135:22:135:83":3,"s:136:2:149:Infinity":28,"s:137:22:137:Infinity":29,"b:139:4:141:Infinity:undefined:undefined:undefined:undefined":9,"s:139:4:141:Infinity":30,"s:140:6:140:Infinity":31,"s:143:4:143:Infinity":32,"s:145:4:148:Infinity":33,"b:147:15:147:32:147:32:147:Infinity":10,"s:153:30:172:Infinity":34,"f:153:30:153:64":4,"s:154:2:171:Infinity":35,"s:155:31:155:Infinity":36,"b:157:4:159:Infinity:undefined:undefined:undefined:undefined":11,"s:157:4:159:Infinity":37,"s:158:6:158:Infinity":38,"s:161:34:165:Infinity":39,"s:167:4:167:Infinity":40,"b:167:11:167:26:167:26:167:Infinity":12,"s:169:4:169:Infinity":41,"s:170:4:170:Infinity":42,"s:175:26:178:Infinity":43,"f:175:26:175:56":5,"s:176:15:176:Infinity":44,"s:177:2:177:Infinity":45,"s:181:23:184:Infinity":46,"f:181:23:181:53":6,"s:182:15:182:Infinity":47,"s:183:2:183:Infinity":48}}}
,"/Users/robin/chileme/src/lib/feedbackService.ts": {"path":"/Users/robin/chileme/src/lib/feedbackService.ts","statementMap":{"0":{"start":{"line":28,"column":30},"end":{"line":43,"column":null}},"1":{"start":{"line":31,"column":2},"end":{"line":42,"column":null}},"2":{"start":{"line":32,"column":28},"end":{"line":36,"column":null}},"3":{"start":{"line":38,"column":4},"end":{"line":38,"column":null}},"4":{"start":{"line":38,"column":15},"end":{"line":38,"column":null}},"5":{"start":{"line":39,"column":4},"end":{"line":39,"column":null}},"6":{"start":{"line":41,"column":4},"end":{"line":41,"column":null}},"7":{"start":{"line":46,"column":30},"end":{"line":54,"column":null}},"8":{"start":{"line":47,"column":26},"end":{"line":50,"column":null}},"9":{"start":{"line":52,"column":2},"end":{"line":52,"column":null}},"10":{"start":{"line":52,"column":13},"end":{"line":52,"column":null}},"11":{"start":{"line":53,"column":2},"end":{"line":53,"column":null}},"12":{"start":{"line":57,"column":31},"end":{"line":66,"column":null}},"13":{"start":{"line":58,"column":26},"end":{"line":62,"column":null}},"14":{"start":{"line":64,"column":2},"end":{"line":64,"column":null}},"15":{"start":{"line":64,"column":13},"end":{"line":64,"column":null}},"16":{"start":{"line":65,"column":2},"end":{"line":65,"column":null}},"17":{"start":{"line":69,"column":30},"end":{"line":86,"column":null}},"18":{"start":{"line":73,"column":2},"end":{"line":85,"column":null}},"19":{"start":{"line":74,"column":28},"end":{"line":79,"column":null}},"20":{"start":{"line":81,"column":4},"end":{"line":81,"column":null}},"21":{"start":{"line":81,"column":15},"end":{"line":81,"column":null}},"22":{"start":{"line":82,"column":4},"end":{"line":82,"column":null}},"23":{"start":{"line":84,"column":4},"end":{"line":84,"column":null}},"24":{"start":{"line":89,"column":30},"end":{"line":92,"column":null}},"25":{"start":{"line":90,"column":20},"end":{"line":90,"column":null}},"26":{"start":{"line":91,"column":2},"end":{"line":91,"column":null}},"27":{"start":{"line":95,"column":36},"end":{"line":123,"column":null}},"28":{"start":{"line":99,"column":2},"end":{"line":122,"column":null}},"29":{"start":{"line":101,"column":20},"end":{"line":101,"column":null}},"30":{"start":{"line":102,"column":21},"end":{"line":102,"column":null}},"31":{"start":{"line":105,"column":28},"end":{"line":110,"column":null}},"32":{"start":{"line":112,"column":4},"end":{"line":112,"column":null}},"33":{"start":{"line":112,"column":15},"end":{"line":112,"column":null}},"34":{"start":{"line":115,"column":30},"end":{"line":117,"column":null}},"35":{"start":{"line":119,"column":4},"end":{"line":119,"column":null}},"36":{"start":{"line":121,"column":4},"end":{"line":121,"column":null}},"37":{"start":{"line":126,"column":36},"end":{"line":145,"column":null}},"38":{"start":{"line":130,"column":2},"end":{"line":144,"column":null}},"39":{"start":{"line":131,"column":27},"end":{"line":131,"column":null}},"40":{"start":{"line":131,"column":45},"end":{"line":131,"column":83}},"41":{"start":{"line":132,"column":20},"end":{"line":132,"column":null}},"42":{"start":{"line":135,"column":19},"end":{"line":135,"column":null}},"43":{"start":{"line":135,"column":37},"end":{"line":135,"column":47}},"44":{"start":{"line":136,"column":4},"end":{"line":138,"column":null}},"45":{"start":{"line":137,"column":6},"end":{"line":137,"column":null}},"46":{"start":{"line":140,"column":22},"end":{"line":140,"column":null}},"47":{"start":{"line":140,"column":39},"end":{"line":140,"column":50}},"48":{"start":{"line":141,"column":4},"end":{"line":141,"column":null}},"49":{"start":{"line":143,"column":4},"end":{"line":143,"column":null}},"50":{"start":{"line":148,"column":34},"end":{"line":171,"column":null}},"51":{"start":{"line":153,"column":2},"end":{"line":170,"column":null}},"52":{"start":{"line":154,"column":19},"end":{"line":159,"column":null}},"53":{"start":{"line":154,"column":50},"end":{"line":159,"column":6}},"54":{"start":{"line":161,"column":28},"end":{"line":164,"column":null}},"55":{"start":{"line":166,"column":4},"end":{"line":166,"column":null}},"56":{"start":{"line":166,"column":15},"end":{"line":166,"column":null}},"57":{"start":{"line":167,"column":4},"end":{"line":167,"column":null}},"58":{"start":{"line":169,"column":4},"end":{"line":169,"column":null}},"59":{"start":{"line":174,"column":35},"end":{"line":197,"column":null}},"60":{"start":{"line":180,"column":2},"end":{"line":196,"column":null}},"61":{"start":{"line":181,"column":28},"end":{"line":190,"column":null}},"62":{"start":{"line":192,"column":4},"end":{"line":192,"column":null}},"63":{"start":{"line":192,"column":15},"end":{"line":192,"column":null}},"64":{"start":{"line":193,"column":4},"end":{"line":193,"column":null}},"65":{"start":{"line":195,"column":4},"end":{"line":195,"column":null}},"66":{"start":{"line":200,"column":33},"end":{"line":208,"column":null}},"67":{"start":{"line":201,"column":26},"end":{"line":204,"column":null}},"68":{"start":{"line":206,"column":2},"end":{"line":206,"column":null}},"69":{"start":{"line":206,"column":13},"end":{"line":206,"column":null}},"70":{"start":{"line":207,"column":2},"end":{"line":207,"column":null}},"71":{"start":{"line":211,"column":31},"end":{"line":232,"column":null}},"72":{"start":{"line":216,"column":14},"end":{"line":216,"column":null}},"73":{"start":{"line":218,"column":2},"end":{"line":220,"column":null}},"74":{"start":{"line":219,"column":4},"end":{"line":219,"column":null}},"75":{"start":{"line":221,"column":2},"end":{"line":223,"column":null}},"76":{"start":{"line":222,"column":4},"end":{"line":222,"column":null}},"77":{"start":{"line":224,"column":2},"end":{"line":226,"column":null}},"78":{"start":{"line":225,"column":4},"end":{"line":225,"column":null}},"79":{"start":{"line":228,"column":26},"end":{"line":228,"column":null}},"80":{"start":{"line":230,"column":2},"end":{"line":230,"column":null}},"81":{"start":{"line":230,"column":13},"end":{"line":230,"column":null}},"82":{"start":{"line":231,"column":2},"end":{"line":231,"column":null}}},"fnMap":{"0":{"name":"(anonymous_0)","decl":{"start":{"line":28,"column":30},"end":{"line":28,"column":null}},"loc":{"start":{"line":30,"column":69},"end":{"line":43,"column":null}},"line":30},"1":{"name":"(anonymous_1)","decl":{"start":{"line":46,"column":30},"end":{"line":46,"column":63}},"loc":{"start":{"line":46,"column":63},"end":{"line":54,"column":null}},"line":46},"2":{"name":"(anonymous_2)","decl":{"start":{"line":57,"column":31},"end":{"line":57,"column":38}},"loc":{"start":{"line":57,"column":79},"end":{"line":66,"column":null}},"line":57},"3":{"name":"(anonymous_3)","decl":{"start":{"line":69,"column":30},"end":{"line":69,"column":null}},"loc":{"start":{"line":72,"column":69},"end":{"line":86,"column":null}},"line":72},"4":{"name":"(anonymous_4)","decl":{"start":{"line":89,"column":30},"end":{"line":89,"column":37}},"loc":{"start":{"line":89,"column":70},"end":{"line":92,"column":null}},"line":89},"5":{"name":"(anonymous_5)","decl":{"start":{"line":95,"column":36},"end":{"line":95,"column":null}},"loc":{"start":{"line":98,"column":71},"end":{"line":123,"column":null}},"line":98},"6":{"name":"(anonymous_6)","decl":{"start":{"line":126,"column":36},"end":{"line":126,"column":null}},"loc":{"start":{"line":129,"column":74},"end":{"line":145,"column":null}},"line":129},"7":{"name":"(anonymous_7)","decl":{"start":{"line":131,"column":37},"end":{"line":131,"column":45}},"loc":{"start":{"line":131,"column":45},"end":{"line":131,"column":83}},"line":131},"8":{"name":"(anonymous_8)","decl":{"start":{"line":135,"column":32},"end":{"line":135,"column":37}},"loc":{"start":{"line":135,"column":37},"end":{"line":135,"column":47}},"line":135},"9":{"name":"(anonymous_9)","decl":{"start":{"line":140,"column":34},"end":{"line":140,"column":39}},"loc":{"start":{"line":140,"column":39},"end":{"line":140,"column":50}},"line":140},"10":{"name":"(anonymous_10)","decl":{"start":{"line":148,"column":34},"end":{"line":148,"column":null}},"loc":{"start":{"line":152,"column":76},"end":{"line":171,"column":null}},"line":152},"11":{"name":"(anonymous_11)","decl":{"start":{"line":154,"column":33},"end":{"line":154,"column":34}},"loc":{"start":{"line":154,"column":50},"end":{"line":159,"column":6}},"line":154},"12":{"name":"(anonymous_12)","decl":{"start":{"line":174,"column":35},"end":{"line":174,"column":null}},"loc":{"start":{"line":179,"column":74},"end":{"line":197,"column":null}},"line":179},"13":{"name":"(anonymous_13)","decl":{"start":{"line":200,"column":33},"end":{"line":200,"column":40}},"loc":{"start":{"line":200,"column":89},"end":{"line":208,"column":null}},"line":200},"14":{"name":"(anonymous_14)","decl":{"start":{"line":211,"column":31},"end":{"line":211,"column":38}},"loc":{"start":{"line":215,"column":27},"end":{"line":232,"column":null}},"line":215}},"branchMap":{"0":{"loc":{"start":{"line":38,"column":4},"end":{"line":38,"column":null}},"type":"if","locations":[{"start":{"line":38,"column":4},"end":{"line":38,"column":null}},{"start":{},"end":{}}],"line":38},"1":{"loc":{"start":{"line":52,"column":2},"end":{"line":52,"column":null}},"type":"if","locations":[{"start":{"line":52,"column":2},"end":{"line":52,"column":null}},{"start":{},"end":{}}],"line":52},"2":{"loc":{"start":{"line":53,"column":9},"end":{"line":53,"column":null}},"type":"binary-expr","locations":[{"start":{"line":53,"column":9},"end":{"line":53,"column":17}},{"start":{"line":53,"column":17},"end":{"line":53,"column":null}}],"line":53},"3":{"loc":{"start":{"line":64,"column":2},"end":{"line":64,"column":null}},"type":"if","locations":[{"start":{"line":64,"column":2},"end":{"line":64,"column":null}},{"start":{},"end":{}}],"line":64},"4":{"loc":{"start":{"line":81,"column":4},"end":{"line":81,"column":null}},"type":"if","locations":[{"start":{"line":81,"column":4},"end":{"line":81,"column":null}},{"start":{},"end":{}}],"line":81},"5":{"loc":{"start":{"line":112,"column":4},"end":{"line":112,"column":null}},"type":"if","locations":[{"start":{"line":112,"column":4},"end":{"line":112,"column":null}},{"start":{},"end":{}}],"line":112},"6":{"loc":{"start":{"line":136,"column":4},"end":{"line":138,"column":null}},"type":"if","locations":[{"start":{"line":136,"column":4},"end":{"line":138,"column":null}},{"start":{},"end":{}}],"line":136},"7":{"loc":{"start":{"line":166,"column":4},"end":{"line":166,"column":null}},"type":"if","locations":[{"start":{"line":166,"column":4},"end":{"line":166,"column":null}},{"start":{},"end":{}}],"line":166},"8":{"loc":{"start":{"line":192,"column":4},"end":{"line":192,"column":null}},"type":"if","locations":[{"start":{"line":192,"column":4},"end":{"line":192,"column":null}},{"start":{},"end":{}}],"line":192},"9":{"loc":{"start":{"line":206,"column":2},"end":{"line":206,"column":null}},"type":"if","locations":[{"start":{"line":206,"column":2},"end":{"line":206,"column":null}},{"start":{},"end":{}}],"line":206},"10":{"loc":{"start":{"line":207,"column":9},"end":{"line":207,"column":null}},"type":"binary-expr","locations":[{"start":{"line":207,"column":9},"end":{"line":207,"column":17}},{"start":{"line":207,"column":17},"end":{"line":207,"column":null}}],"line":207},"11":{"loc":{"start":{"line":218,"column":2},"end":{"line":220,"column":null}},"type":"if","locations":[{"start":{"line":218,"column":2},"end":{"line":220,"column":null}},{"start":{},"end":{}}],"line":218},"12":{"loc":{"start":{"line":221,"column":2},"end":{"line":223,"column":null}},"type":"if","locations":[{"start":{"line":221,"column":2},"end":{"line":223,"column":null}},{"start":{},"end":{}}],"line":221},"13":{"loc":{"start":{"line":224,"column":2},"end":{"line":226,"column":null}},"type":"if","locations":[{"start":{"line":224,"column":2},"end":{"line":226,"column":null}},{"start":{},"end":{}}],"line":224},"14":{"loc":{"start":{"line":230,"column":2},"end":{"line":230,"column":null}},"type":"if","locations":[{"start":{"line":230,"column":2},"end":{"line":230,"column":null}},{"start":{},"end":{}}],"line":230},"15":{"loc":{"start":{"line":231,"column":9},"end":{"line":231,"column":null}},"type":"binary-expr","locations":[{"start":{"line":231,"column":9},"end":{"line":231,"column":17}},{"start":{"line":231,"column":17},"end":{"line":231,"column":null}}],"line":231}},"s":{"0":2,"1":12,"2":12,"3":8,"4":6,"5":2,"6":10,"7":2,"8":7,"9":6,"10":1,"11":5,"12":2,"13":5,"14":5,"15":3,"16":2,"17":2,"18":7,"19":7,"20":7,"21":4,"22":3,"23":4,"24":2,"25":2,"26":2,"27":2,"28":7,"29":7,"30":7,"31":7,"32":6,"33":2,"34":4,"35":4,"36":4,"37":2,"38":2,"39":2,"40":4,"41":2,"42":2,"43":3,"44":2,"45":1,"46":1,"47":2,"48":1,"49":0,"50":2,"51":2,"52":2,"53":3,"54":2,"55":2,"56":1,"57":1,"58":1,"59":2,"60":4,"61":4,"62":3,"63":2,"64":1,"65":3,"66":2,"67":1,"68":1,"69":0,"70":1,"71":2,"72":7,"73":7,"74":3,"75":7,"76":2,"77":7,"78":2,"79":7,"80":7,"81":0,"82":7},"f":{"0":12,"1":7,"2":5,"3":7,"4":2,"5":7,"6":2,"7":4,"8":3,"9":2,"10":2,"11":3,"12":4,"13":1,"14":7},"b":{"0":[6,2],"1":[1,5],"2":[5,0],"3":[3,2],"4":[4,3],"5":[2,4],"6":[1,1],"7":[1,1],"8":[2,1],"9":[0,1],"10":[1,0],"11":[3,4],"12":[2,5],"13":[2,5],"14":[0,7],"15":[7,0]},"meta":{"lastBranch":16,"lastFunction":15,"lastStatement":83,"seen":{"s:28:30:43:Infinity":0,"f:28:30:28:Infinity":0,"s:31:2:42:Infinity":1,"s:32:28:36:Infinity":2,"b:38:4:38:Infinity:undefined:undefined:undefined:undefined":0,"s:38:4:38:Infinity":3,"s:38:15:38:Infinity":4,"s:39:4:39:Infinity":5,"s:41:4:41:Infinity":6,"s:46:30:54:Infinity":7,"f:46:30:46:63":1,"s:47:26:50:Infinity":8,"b:52:2:52:Infinity:undefined:undefined:undefined:undefined":1,"s:52:2:52:Infinity":9,"s:52:13:52:Infinity":10,"s:53:2:53:Infinity":11,"b:53:9:53:17:53:17:53:Infinity":2,"s:57:31:66:Infinity":12,"f:57:31:57:38":2,"s:58:26:62:Infinity":13,"b:64:2:64:Infinity:undefined:undefined:undefined:undefined":3,"s:64:2:64:Infinity":14,"s:64:13:64:Infinity":15,"s:65:2:65:Infinity":16,"s:69:30:86:Infinity":17,"f:69:30:69:Infinity":3,"s:73:2:85:Infinity":18,"s:74:28:79:Infinity":19,"b:81:4:81:Infinity:undefined:undefined:undefined:undefined":4,"s:81:4:81:Infinity":20,"s:81:15:81:Infinity":21,"s:82:4:82:Infinity":22,"s:84:4:84:Infinity":23,"s:89:30:92:Infinity":24,"f:89:30:89:37":4,"s:90:20:90:Infinity":25,"s:91:2:91:Infinity":26,"s:95:36:123:Infinity":27,"f:95:36:95:Infinity":5,"s:99:2:122:Infinity":28,"s:101:20:101:Infinity":29,"s:102:21:102:Infinity":30,"s:105:28:110:Infinity":31,"b:112:4:112:Infinity:undefined:undefined:undefined:undefined":5,"s:112:4:112:Infinity":32,"s:112:15:112:Infinity":33,"s:115:30:117:Infinity":34,"s:119:4:119:Infinity":35,"s:121:4:121:Infinity":36,"s:126:36:145:Infinity":37,"f:126:36:126:Infinity":6,"s:130:2:144:Infinity":38,"s:131:27:131:Infinity":39,"f:131:37:131:45":7,"s:131:45:131:83":40,"s:132:20:132:Infinity":41,"s:135:19:135:Infinity":42,"f:135:32:135:37":8,"s:135:37:135:47":43,"b:136:4:138:Infinity:undefined:undefined:undefined:undefined":6,"s:136:4:138:Infinity":44,"s:137:6:137:Infinity":45,"s:140:22:140:Infinity":46,"f:140:34:140:39":9,"s:140:39:140:50":47,"s:141:4:141:Infinity":48,"s:143:4:143:Infinity":49,"s:148:34:171:Infinity":50,"f:148:34:148:Infinity":10,"s:153:2:170:Infinity":51,"s:154:19:159:Infinity":52,"f:154:33:154:34":11,"s:154:50:159:6":53,"s:161:28:164:Infinity":54,"b:166:4:166:Infinity:undefined:undefined:undefined:undefined":7,"s:166:4:166:Infinity":55,"s:166:15:166:Infinity":56,"s:167:4:167:Infinity":57,"s:169:4:169:Infinity":58,"s:174:35:197:Infinity":59,"f:174:35:174:Infinity":12,"s:180:2:196:Infinity":60,"s:181:28:190:Infinity":61,"b:192:4:192:Infinity:undefined:undefined:undefined:undefined":8,"s:192:4:192:Infinity":62,"s:192:15:192:Infinity":63,"s:193:4:193:Infinity":64,"s:195:4:195:Infinity":65,"s:200:33:208:Infinity":66,"f:200:33:200:40":13,"s:201:26:204:Infinity":67,"b:206:2:206:Infinity:undefined:undefined:undefined:undefined":9,"s:206:2:206:Infinity":68,"s:206:13:206:Infinity":69,"s:207:2:207:Infinity":70,"b:207:9:207:17:207:17:207:Infinity":10,"s:211:31:232:Infinity":71,"f:211:31:211:38":14,"s:216:14:216:Infinity":72,"b:218:2:220:Infinity:undefined:undefined:undefined:undefined":11,"s:218:2:220:Infinity":73,"s:219:4:219:Infinity":74,"b:221:2:223:Infinity:undefined:undefined:undefined:undefined":12,"s:221:2:223:Infinity":75,"s:222:4:222:Infinity":76,"b:224:2:226:Infinity:undefined:undefined:undefined:undefined":13,"s:224:2:226:Infinity":77,"s:225:4:225:Infinity":78,"s:228:26:228:Infinity":79,"b:230:2:230:Infinity:undefined:undefined:undefined:undefined":14,"s:230:2:230:Infinity":80,"s:230:13:230:Infinity":81,"s:231:2:231:Infinity":82,"b:231:9:231:17:231:17:231:Infinity":15}}}
,"/Users/robin/chileme/src/lib/historyService.ts": {"path":"/Users/robin/chileme/src/lib/historyService.ts","statementMap":{"0":{"start":{"line":23,"column":35},"end":{"line":50,"column":null}},"1":{"start":{"line":28,"column":2},"end":{"line":49,"column":null}},"2":{"start":{"line":29,"column":28},"end":{"line":37,"column":null}},"3":{"start":{"line":39,"column":4},"end":{"line":41,"column":null}},"4":{"start":{"line":40,"column":6},"end":{"line":40,"column":null}},"5":{"start":{"line":43,"column":4},"end":{"line":43,"column":null}},"6":{"start":{"line":45,"column":4},"end":{"line":48,"column":null}},"7":{"start":{"line":53,"column":30},"end":{"line":76,"column":null}},"8":{"start":{"line":57,"column":2},"end":{"line":75,"column":null}},"9":{"start":{"line":58,"column":28},"end":{"line":63,"column":null}},"10":{"start":{"line":65,"column":4},"end":{"line":67,"column":null}},"11":{"start":{"line":66,"column":6},"end":{"line":66,"column":null}},"12":{"start":{"line":69,"column":4},"end":{"line":69,"column":null}},"13":{"start":{"line":71,"column":4},"end":{"line":74,"column":null}},"14":{"start":{"line":79,"column":29},"end":{"line":106,"column":null}},"15":{"start":{"line":82,"column":2},"end":{"line":105,"column":null}},"16":{"start":{"line":83,"column":28},"end":{"line":93,"column":null}},"17":{"start":{"line":95,"column":4},"end":{"line":97,"column":null}},"18":{"start":{"line":96,"column":6},"end":{"line":96,"column":null}},"19":{"start":{"line":99,"column":4},"end":{"line":99,"column":null}},"20":{"start":{"line":101,"column":4},"end":{"line":104,"column":null}},"21":{"start":{"line":109,"column":35},"end":{"line":129,"column":null}},"22":{"start":{"line":112,"column":2},"end":{"line":128,"column":null}},"23":{"start":{"line":113,"column":22},"end":{"line":116,"column":null}},"24":{"start":{"line":118,"column":4},"end":{"line":120,"column":null}},"25":{"start":{"line":119,"column":6},"end":{"line":119,"column":null}},"26":{"start":{"line":122,"column":4},"end":{"line":122,"column":null}},"27":{"start":{"line":124,"column":4},"end":{"line":127,"column":null}},"28":{"start":{"line":132,"column":31},"end":{"line":162,"column":null}},"29":{"start":{"line":136,"column":2},"end":{"line":161,"column":null}},"30":{"start":{"line":137,"column":16},"end":{"line":137,"column":null}},"31":{"start":{"line":139,"column":4},"end":{"line":141,"column":null}},"32":{"start":{"line":140,"column":6},"end":{"line":140,"column":null}},"33":{"start":{"line":143,"column":28},"end":{"line":143,"column":null}},"34":{"start":{"line":145,"column":4},"end":{"line":147,"column":null}},"35":{"start":{"line":146,"column":6},"end":{"line":146,"column":null}},"36":{"start":{"line":149,"column":25},"end":{"line":149,"column":null}},"37":{"start":{"line":150,"column":50},"end":{"line":150,"column":null}},"38":{"start":{"line":152,"column":4},"end":{"line":155,"column":null}},"39":{"start":{"line":153,"column":21},"end":{"line":153,"column":null}},"40":{"start":{"line":154,"column":6},"end":{"line":154,"column":null}},"41":{"start":{"line":157,"column":4},"end":{"line":157,"column":null}},"42":{"start":{"line":159,"column":4},"end":{"line":159,"column":null}},"43":{"start":{"line":160,"column":4},"end":{"line":160,"column":null}}},"fnMap":{"0":{"name":"(anonymous_0)","decl":{"start":{"line":23,"column":35},"end":{"line":23,"column":null}},"loc":{"start":{"line":27,"column":37},"end":{"line":50,"column":null}},"line":27},"1":{"name":"(anonymous_1)","decl":{"start":{"line":53,"column":30},"end":{"line":53,"column":null}},"loc":{"start":{"line":56,"column":37},"end":{"line":76,"column":null}},"line":56},"2":{"name":"(anonymous_2)","decl":{"start":{"line":79,"column":29},"end":{"line":79,"column":null}},"loc":{"start":{"line":81,"column":37},"end":{"line":106,"column":null}},"line":81},"3":{"name":"(anonymous_3)","decl":{"start":{"line":109,"column":35},"end":{"line":109,"column":null}},"loc":{"start":{"line":111,"column":54},"end":{"line":129,"column":null}},"line":111},"4":{"name":"(anonymous_4)","decl":{"start":{"line":132,"column":31},"end":{"line":132,"column":38}},"loc":{"start":{"line":135,"column":13},"end":{"line":162,"column":null}},"line":135},"5":{"name":"(anonymous_5)","decl":{"start":{"line":152,"column":18},"end":{"line":152,"column":19}},"loc":{"start":{"line":152,"column":30},"end":{"line":155,"column":5}},"line":152}},"branchMap":{"0":{"loc":{"start":{"line":39,"column":4},"end":{"line":41,"column":null}},"type":"if","locations":[{"start":{"line":39,"column":4},"end":{"line":41,"column":null}},{"start":{},"end":{}}],"line":39},"1":{"loc":{"start":{"line":47,"column":15},"end":{"line":47,"column":null}},"type":"binary-expr","locations":[{"start":{"line":47,"column":15},"end":{"line":47,"column":32}},{"start":{"line":47,"column":32},"end":{"line":47,"column":null}}],"line":47},"2":{"loc":{"start":{"line":55,"column":2},"end":{"line":55,"column":null}},"type":"default-arg","locations":[{"start":{"line":55,"column":18},"end":{"line":55,"column":null}}],"line":55},"3":{"loc":{"start":{"line":65,"column":4},"end":{"line":67,"column":null}},"type":"if","locations":[{"start":{"line":65,"column":4},"end":{"line":67,"column":null}},{"start":{},"end":{}}],"line":65},"4":{"loc":{"start":{"line":69,"column":37},"end":{"line":69,"column":48}},"type":"binary-expr","locations":[{"start":{"line":69,"column":37},"end":{"line":69,"column":45}},{"start":{"line":69,"column":45},"end":{"line":69,"column":48}}],"line":69},"5":{"loc":{"start":{"line":73,"column":15},"end":{"line":73,"column":null}},"type":"binary-expr","locations":[{"start":{"line":73,"column":15},"end":{"line":73,"column":32}},{"start":{"line":73,"column":32},"end":{"line":73,"column":null}}],"line":73},"6":{"loc":{"start":{"line":80,"column":2},"end":{"line":80,"column":null}},"type":"default-arg","locations":[{"start":{"line":80,"column":18},"end":{"line":80,"column":null}}],"line":80},"7":{"loc":{"start":{"line":95,"column":4},"end":{"line":97,"column":null}},"type":"if","locations":[{"start":{"line":95,"column":4},"end":{"line":97,"column":null}},{"start":{},"end":{}}],"line":95},"8":{"loc":{"start":{"line":99,"column":37},"end":{"line":99,"column":48}},"type":"binary-expr","locations":[{"start":{"line":99,"column":37},"end":{"line":99,"column":45}},{"start":{"line":99,"column":45},"end":{"line":99,"column":48}}],"line":99},"9":{"loc":{"start":{"line":103,"column":15},"end":{"line":103,"column":null}},"type":"binary-expr","locations":[{"start":{"line":103,"column":15},"end":{"line":103,"column":32}},{"start":{"line":103,"column":32},"end":{"line":103,"column":null}}],"line":103},"10":{"loc":{"start":{"line":118,"column":4},"end":{"line":120,"column":null}},"type":"if","locations":[{"start":{"line":118,"column":4},"end":{"line":120,"column":null}},{"start":{},"end":{}}],"line":118},"11":{"loc":{"start":{"line":126,"column":15},"end":{"line":126,"column":null}},"type":"binary-expr","locations":[{"start":{"line":126,"column":15},"end":{"line":126,"column":32}},{"start":{"line":126,"column":32},"end":{"line":126,"column":null}}],"line":126},"12":{"loc":{"start":{"line":139,"column":4},"end":{"line":141,"column":null}},"type":"if","locations":[{"start":{"line":139,"column":4},"end":{"line":141,"column":null}},{"start":{},"end":{}}],"line":139},"13":{"loc":{"start":{"line":145,"column":4},"end":{"line":147,"column":null}},"type":"if","locations":[{"start":{"line":145,"column":4},"end":{"line":147,"column":null}},{"start":{},"end":{}}],"line":145},"14":{"loc":{"start":{"line":149,"column":25},"end":{"line":149,"column":null}},"type":"binary-expr","locations":[{"start":{"line":149,"column":25},"end":{"line":149,"column":41}},{"start":{"line":149,"column":41},"end":{"line":149,"column":null}}],"line":149},"15":{"loc":{"start":{"line":153,"column":21},"end":{"line":153,"column":null}},"type":"binary-expr","locations":[{"start":{"line":153,"column":21},"end":{"line":153,"column":38}},{"start":{"line":153,"column":38},"end":{"line":153,"column":null}}],"line":153},"16":{"loc":{"start":{"line":154,"column":31},"end":{"line":154,"column":61}},"type":"binary-expr","locations":[{"start":{"line":154,"column":31},"end":{"line":154,"column":56}},{"start":{"line":154,"column":56},"end":{"line":154,"column":61}}],"line":154}},"s":{"0":0,"1":0,"2":0,"3":0,"4":0,"5":0,"6":0,"7":0,"8":0,"9":0,"10":0,"11":0,"12":0,"13":0,"14":0,"15":0,"16":0,"17":0,"18":0,"19":0,"20":0,"21":0,"22":0,"23":0,"24":0,"25":0,"26":0,"27":0,"28":0,"29":0,"30":0,"31":0,"32":0,"33":0,"34":0,"35":0,"36":0,"37":0,"38":0,"39":0,"40":0,"41":0,"42":0,"43":0},"f":{"0":0,"1":0,"2":0,"3":0,"4":0,"5":0},"b":{"0":[0,0],"1":[0,0],"2":[0],"3":[0,0],"4":[0,0],"5":[0,0],"6":[0],"7":[0,0],"8":[0,0],"9":[0,0],"10":[0,0],"11":[0,0],"12":[0,0],"13":[0,0],"14":[0,0],"15":[0,0],"16":[0,0]},"meta":{"lastBranch":17,"lastFunction":6,"lastStatement":44,"seen":{"s:23:35:50:Infinity":0,"f:23:35:23:Infinity":0,"s:28:2:49:Infinity":1,"s:29:28:37:Infinity":2,"b:39:4:41:Infinity:undefined:undefined:undefined:undefined":0,"s:39:4:41:Infinity":3,"s:40:6:40:Infinity":4,"s:43:4:43:Infinity":5,"s:45:4:48:Infinity":6,"b:47:15:47:32:47:32:47:Infinity":1,"s:53:30:76:Infinity":7,"f:53:30:53:Infinity":1,"b:55:18:55:Infinity":2,"s:57:2:75:Infinity":8,"s:58:28:63:Infinity":9,"b:65:4:67:Infinity:undefined:undefined:undefined:undefined":3,"s:65:4:67:Infinity":10,"s:66:6:66:Infinity":11,"s:69:4:69:Infinity":12,"b:69:37:69:45:69:45:69:48":4,"s:71:4:74:Infinity":13,"b:73:15:73:32:73:32:73:Infinity":5,"s:79:29:106:Infinity":14,"f:79:29:79:Infinity":2,"b:80:18:80:Infinity":6,"s:82:2:105:Infinity":15,"s:83:28:93:Infinity":16,"b:95:4:97:Infinity:undefined:undefined:undefined:undefined":7,"s:95:4:97:Infinity":17,"s:96:6:96:Infinity":18,"s:99:4:99:Infinity":19,"b:99:37:99:45:99:45:99:48":8,"s:101:4:104:Infinity":20,"b:103:15:103:32:103:32:103:Infinity":9,"s:109:35:129:Infinity":21,"f:109:35:109:Infinity":3,"s:112:2:128:Infinity":22,"s:113:22:116:Infinity":23,"b:118:4:120:Infinity:undefined:undefined:undefined:undefined":10,"s:118:4:120:Infinity":24,"s:119:6:119:Infinity":25,"s:122:4:122:Infinity":26,"s:124:4:127:Infinity":27,"b:126:15:126:32:126:32:126:Infinity":11,"s:132:31:162:Infinity":28,"f:132:31:132:38":4,"s:136:2:161:Infinity":29,"s:137:16:137:Infinity":30,"b:139:4:141:Infinity:undefined:undefined:undefined:undefined":12,"s:139:4:141:Infinity":31,"s:140:6:140:Infinity":32,"s:143:28:143:Infinity":33,"b:145:4:147:Infinity:undefined:undefined:undefined:undefined":13,"s:145:4:147:Infinity":34,"s:146:6:146:Infinity":35,"s:149:25:149:Infinity":36,"b:149:25:149:41:149:41:149:Infinity":14,"s:150:50:150:Infinity":37,"s:152:4:155:Infinity":38,"f:152:18:152:19":5,"s:153:21:153:Infinity":39,"b:153:21:153:38:153:38:153:Infinity":15,"s:154:6:154:Infinity":40,"b:154:31:154:56:154:56:154:61":16,"s:157:4:157:Infinity":41,"s:159:4:159:Infinity":42,"s:160:4:160:Infinity":43}}}
,"/Users/robin/chileme/src/lib/productService.ts": {"path":"/Users/robin/chileme/src/lib/productService.ts","statementMap":{"0":{"start":{"line":20,"column":27},"end":{"line":52,"column":null}},"1":{"start":{"line":21,"column":2},"end":{"line":51,"column":null}},"2":{"start":{"line":22,"column":28},"end":{"line":25,"column":null}},"3":{"start":{"line":27,"column":4},"end":{"line":30,"column":null}},"4":{"start":{"line":28,"column":6},"end":{"line":28,"column":null}},"5":{"start":{"line":29,"column":6},"end":{"line":29,"column":null}},"6":{"start":{"line":33,"column":47},"end":{"line":39,"column":null}},"7":{"start":{"line":41,"column":4},"end":{"line":45,"column":null}},"8":{"start":{"line":42,"column":6},"end":{"line":44,"column":null}},"9":{"start":{"line":43,"column":8},"end":{"line":43,"column":null}},"10":{"start":{"line":47,"column":4},"end":{"line":47,"column":null}},"11":{"start":{"line":49,"column":4},"end":{"line":49,"column":null}},"12":{"start":{"line":50,"column":4},"end":{"line":50,"column":null}},"13":{"start":{"line":55,"column":37},"end":{"line":75,"column":null}},"14":{"start":{"line":58,"column":2},"end":{"line":74,"column":null}},"15":{"start":{"line":59,"column":28},"end":{"line":63,"column":null}},"16":{"start":{"line":65,"column":4},"end":{"line":68,"column":null}},"17":{"start":{"line":66,"column":6},"end":{"line":66,"column":null}},"18":{"start":{"line":67,"column":6},"end":{"line":67,"column":null}},"19":{"start":{"line":70,"column":4},"end":{"line":70,"column":null}},"20":{"start":{"line":72,"column":4},"end":{"line":72,"column":null}},"21":{"start":{"line":73,"column":4},"end":{"line":73,"column":null}},"22":{"start":{"line":78,"column":26},"end":{"line":103,"column":null}},"23":{"start":{"line":82,"column":2},"end":{"line":102,"column":null}},"24":{"start":{"line":83,"column":28},"end":{"line":90,"column":null}},"25":{"start":{"line":92,"column":4},"end":{"line":94,"column":null}},"26":{"start":{"line":93,"column":6},"end":{"line":93,"column":null}},"27":{"start":{"line":96,"column":4},"end":{"line":96,"column":null}},"28":{"start":{"line":98,"column":4},"end":{"line":101,"column":null}},"29":{"start":{"line":106,"column":29},"end":{"line":130,"column":null}},"30":{"start":{"line":111,"column":2},"end":{"line":129,"column":null}},"31":{"start":{"line":112,"column":28},"end":{"line":117,"column":null}},"32":{"start":{"line":119,"column":4},"end":{"line":121,"column":null}},"33":{"start":{"line":120,"column":6},"end":{"line":120,"column":null}},"34":{"start":{"line":123,"column":4},"end":{"line":123,"column":null}},"35":{"start":{"line":125,"column":4},"end":{"line":128,"column":null}},"36":{"start":{"line":133,"column":29},"end":{"line":154,"column":null}},"37":{"start":{"line":137,"column":2},"end":{"line":153,"column":null}},"38":{"start":{"line":138,"column":22},"end":{"line":141,"column":null}},"39":{"start":{"line":143,"column":4},"end":{"line":145,"column":null}},"40":{"start":{"line":144,"column":6},"end":{"line":144,"column":null}},"41":{"start":{"line":147,"column":4},"end":{"line":147,"column":null}},"42":{"start":{"line":149,"column":4},"end":{"line":152,"column":null}}},"fnMap":{"0":{"name":"(anonymous_0)","decl":{"start":{"line":20,"column":27},"end":{"line":20,"column":75}},"loc":{"start":{"line":20,"column":75},"end":{"line":52,"column":null}},"line":20},"1":{"name":"(anonymous_1)","decl":{"start":{"line":41,"column":25},"end":{"line":41,"column":26}},"loc":{"start":{"line":41,"column":38},"end":{"line":45,"column":5}},"line":41},"2":{"name":"(anonymous_2)","decl":{"start":{"line":55,"column":37},"end":{"line":55,"column":null}},"loc":{"start":{"line":57,"column":25},"end":{"line":75,"column":null}},"line":57},"3":{"name":"(anonymous_3)","decl":{"start":{"line":78,"column":26},"end":{"line":78,"column":null}},"loc":{"start":{"line":81,"column":31},"end":{"line":103,"column":null}},"line":81},"4":{"name":"(anonymous_4)","decl":{"start":{"line":106,"column":29},"end":{"line":106,"column":null}},"loc":{"start":{"line":110,"column":31},"end":{"line":130,"column":null}},"line":110},"5":{"name":"(anonymous_5)","decl":{"start":{"line":133,"column":29},"end":{"line":133,"column":null}},"loc":{"start":{"line":136,"column":54},"end":{"line":154,"column":null}},"line":136}},"branchMap":{"0":{"loc":{"start":{"line":27,"column":4},"end":{"line":30,"column":null}},"type":"if","locations":[{"start":{"line":27,"column":4},"end":{"line":30,"column":null}},{"start":{},"end":{}}],"line":27},"1":{"loc":{"start":{"line":41,"column":5},"end":{"line":41,"column":17}},"type":"binary-expr","locations":[{"start":{"line":41,"column":5},"end":{"line":41,"column":13}},{"start":{"line":41,"column":13},"end":{"line":41,"column":17}}],"line":41},"2":{"loc":{"start":{"line":42,"column":6},"end":{"line":44,"column":null}},"type":"if","locations":[{"start":{"line":42,"column":6},"end":{"line":44,"column":null}},{"start":{},"end":{}}],"line":42},"3":{"loc":{"start":{"line":65,"column":4},"end":{"line":68,"column":null}},"type":"if","locations":[{"start":{"line":65,"column":4},"end":{"line":68,"column":null}},{"start":{},"end":{}}],"line":65},"4":{"loc":{"start":{"line":70,"column":11},"end":{"line":70,"column":null}},"type":"binary-expr","locations":[{"start":{"line":70,"column":11},"end":{"line":70,"column":19}},{"start":{"line":70,"column":19},"end":{"line":70,"column":null}}],"line":70},"5":{"loc":{"start":{"line":92,"column":4},"end":{"line":94,"column":null}},"type":"if","locations":[{"start":{"line":92,"column":4},"end":{"line":94,"column":null}},{"start":{},"end":{}}],"line":92},"6":{"loc":{"start":{"line":100,"column":15},"end":{"line":100,"column":null}},"type":"binary-expr","locations":[{"start":{"line":100,"column":15},"end":{"line":100,"column":32}},{"start":{"line":100,"column":32},"end":{"line":100,"column":null}}],"line":100},"7":{"loc":{"start":{"line":119,"column":4},"end":{"line":121,"column":null}},"type":"if","locations":[{"start":{"line":119,"column":4},"end":{"line":121,"column":null}},{"start":{},"end":{}}],"line":119},"8":{"loc":{"start":{"line":127,"column":15},"end":{"line":127,"column":null}},"type":"binary-expr","locations":[{"start":{"line":127,"column":15},"end":{"line":127,"column":32}},{"start":{"line":127,"column":32},"end":{"line":127,"column":null}}],"line":127},"9":{"loc":{"start":{"line":143,"column":4},"end":{"line":145,"column":null}},"type":"if","locations":[{"start":{"line":143,"column":4},"end":{"line":145,"column":null}},{"start":{},"end":{}}],"line":143},"10":{"loc":{"start":{"line":151,"column":15},"end":{"line":151,"column":null}},"type":"binary-expr","locations":[{"start":{"line":151,"column":15},"end":{"line":151,"column":32}},{"start":{"line":151,"column":32},"end":{"line":151,"column":null}}],"line":151}},"s":{"0":0,"1":0,"2":0,"3":0,"4":0,"5":0,"6":0,"7":0,"8":0,"9":0,"10":0,"11":0,"12":0,"13":0,"14":0,"15":0,"16":0,"17":0,"18":0,"19":0,"20":0,"21":0,"22":0,"23":0,"24":0,"25":0,"26":0,"27":0,"28":0,"29":0,"30":0,"31":0,"32":0,"33":0,"34":0,"35":0,"36":0,"37":0,"38":0,"39":0,"40":0,"41":0,"42":0},"f":{"0":0,"1":0,"2":0,"3":0,"4":0,"5":0},"b":{"0":[0,0],"1":[0,0],"2":[0,0],"3":[0,0],"4":[0,0],"5":[0,0],"6":[0,0],"7":[0,0],"8":[0,0],"9":[0,0],"10":[0,0]},"meta":{"lastBranch":11,"lastFunction":6,"lastStatement":43,"seen":{"s:20:27:52:Infinity":0,"f:20:27:20:75":0,"s:21:2:51:Infinity":1,"s:22:28:25:Infinity":2,"b:27:4:30:Infinity:undefined:undefined:undefined:undefined":0,"s:27:4:30:Infinity":3,"s:28:6:28:Infinity":4,"s:29:6:29:Infinity":5,"s:33:47:39:Infinity":6,"s:41:4:45:Infinity":7,"b:41:5:41:13:41:13:41:17":1,"f:41:25:41:26":1,"b:42:6:44:Infinity:undefined:undefined:undefined:undefined":2,"s:42:6:44:Infinity":8,"s:43:8:43:Infinity":9,"s:47:4:47:Infinity":10,"s:49:4:49:Infinity":11,"s:50:4:50:Infinity":12,"s:55:37:75:Infinity":13,"f:55:37:55:Infinity":2,"s:58:2:74:Infinity":14,"s:59:28:63:Infinity":15,"b:65:4:68:Infinity:undefined:undefined:undefined:undefined":3,"s:65:4:68:Infinity":16,"s:66:6:66:Infinity":17,"s:67:6:67:Infinity":18,"s:70:4:70:Infinity":19,"b:70:11:70:19:70:19:70:Infinity":4,"s:72:4:72:Infinity":20,"s:73:4:73:Infinity":21,"s:78:26:103:Infinity":22,"f:78:26:78:Infinity":3,"s:82:2:102:Infinity":23,"s:83:28:90:Infinity":24,"b:92:4:94:Infinity:undefined:undefined:undefined:undefined":5,"s:92:4:94:Infinity":25,"s:93:6:93:Infinity":26,"s:96:4:96:Infinity":27,"s:98:4:101:Infinity":28,"b:100:15:100:32:100:32:100:Infinity":6,"s:106:29:130:Infinity":29,"f:106:29:106:Infinity":4,"s:111:2:129:Infinity":30,"s:112:28:117:Infinity":31,"b:119:4:121:Infinity:undefined:undefined:undefined:undefined":7,"s:119:4:121:Infinity":32,"s:120:6:120:Infinity":33,"s:123:4:123:Infinity":34,"s:125:4:128:Infinity":35,"b:127:15:127:32:127:32:127:Infinity":8,"s:133:29:154:Infinity":36,"f:133:29:133:Infinity":5,"s:137:2:153:Infinity":37,"s:138:22:141:Infinity":38,"b:143:4:145:Infinity:undefined:undefined:undefined:undefined":9,"s:143:4:145:Infinity":39,"s:144:6:144:Infinity":40,"s:147:4:147:Infinity":41,"s:149:4:152:Infinity":42,"b:151:15:151:32:151:32:151:Infinity":10}}}
,"/Users/robin/chileme/src/lib/settings.ts": {"path":"/Users/robin/chileme/src/lib/settings.ts","statementMap":{"0":{"start":{"line":10,"column":21},"end":{"line":10,"column":null}},"1":{"start":{"line":12,"column":37},"end":{"line":17,"column":null}},"2":{"start":{"line":20,"column":27},"end":{"line":45,"column":null}},"3":{"start":{"line":48,"column":31},"end":{"line":52,"column":null}},"4":{"start":{"line":56,"column":2},"end":{"line":62,"column":null}},"5":{"start":{"line":57,"column":20},"end":{"line":57,"column":null}},"6":{"start":{"line":58,"column":20},"end":{"line":58,"column":null}},"7":{"start":{"line":59,"column":4},"end":{"line":59,"column":null}},"8":{"start":{"line":61,"column":4},"end":{"line":61,"column":null}},"9":{"start":{"line":67,"column":2},"end":{"line":74,"column":null}},"10":{"start":{"line":68,"column":19},"end":{"line":68,"column":null}},"11":{"start":{"line":69,"column":4},"end":{"line":71,"column":null}},"12":{"start":{"line":70,"column":6},"end":{"line":70,"column":null}},"13":{"start":{"line":73,"column":4},"end":{"line":73,"column":null}},"14":{"start":{"line":75,"column":2},"end":{"line":75,"column":null}},"15":{"start":{"line":80,"column":2},"end":{"line":84,"column":null}},"16":{"start":{"line":81,"column":4},"end":{"line":81,"column":null}},"17":{"start":{"line":83,"column":4},"end":{"line":83,"column":null}},"18":{"start":{"line":89,"column":2},"end":{"line":89,"column":null}},"19":{"start":{"line":94,"column":2},"end":{"line":94,"column":null}},"20":{"start":{"line":99,"column":18},"end":{"line":107,"column":null}},"21":{"start":{"line":100,"column":4},"end":{"line":106,"column":null}},"22":{"start":{"line":101,"column":6},"end":{"line":105,"column":null}},"23":{"start":{"line":102,"column":8},"end":{"line":102,"column":null}},"24":{"start":{"line":104,"column":8},"end":{"line":104,"column":null}},"25":{"start":{"line":109,"column":2},"end":{"line":109,"column":null}},"26":{"start":{"line":110,"column":2},"end":{"line":110,"column":null}},"27":{"start":{"line":110,"column":15},"end":{"line":110,"column":null}}},"fnMap":{"0":{"name":"saveSettings","decl":{"start":{"line":55,"column":16},"end":{"line":55,"column":29}},"loc":{"start":{"line":55,"column":67},"end":{"line":63,"column":null}},"line":55},"1":{"name":"getSettings","decl":{"start":{"line":66,"column":16},"end":{"line":66,"column":43}},"loc":{"start":{"line":66,"column":43},"end":{"line":76,"column":null}},"line":66},"2":{"name":"resetSettings","decl":{"start":{"line":79,"column":16},"end":{"line":79,"column":38}},"loc":{"start":{"line":79,"column":38},"end":{"line":85,"column":null}},"line":79},"3":{"name":"getThemeConfig","decl":{"start":{"line":88,"column":16},"end":{"line":88,"column":31}},"loc":{"start":{"line":88,"column":70},"end":{"line":90,"column":null}},"line":88},"4":{"name":"getAnimationDuration","decl":{"start":{"line":93,"column":16},"end":{"line":93,"column":37}},"loc":{"start":{"line":93,"column":83},"end":{"line":95,"column":null}},"line":93},"5":{"name":"onSettingsChange","decl":{"start":{"line":98,"column":16},"end":{"line":98,"column":33}},"loc":{"start":{"line":98,"column":88},"end":{"line":111,"column":null}},"line":98},"6":{"name":"(anonymous_6)","decl":{"start":{"line":99,"column":18},"end":{"line":99,"column":19}},"loc":{"start":{"line":99,"column":39},"end":{"line":107,"column":null}},"line":99},"7":{"name":"(anonymous_7)","decl":{"start":{"line":110,"column":9},"end":{"line":110,"column":15}},"loc":{"start":{"line":110,"column":15},"end":{"line":110,"column":null}},"line":110}},"branchMap":{"0":{"loc":{"start":{"line":69,"column":4},"end":{"line":71,"column":null}},"type":"if","locations":[{"start":{"line":69,"column":4},"end":{"line":71,"column":null}},{"start":{},"end":{}}],"line":69},"1":{"loc":{"start":{"line":100,"column":4},"end":{"line":106,"column":null}},"type":"if","locations":[{"start":{"line":100,"column":4},"end":{"line":106,"column":null}},{"start":{},"end":{}}],"line":100},"2":{"loc":{"start":{"line":100,"column":8},"end":{"line":100,"column":46}},"type":"binary-expr","locations":[{"start":{"line":100,"column":8},"end":{"line":100,"column":34}},{"start":{"line":100,"column":34},"end":{"line":100,"column":46}}],"line":100}},"s":{"0":0,"1":0,"2":0,"3":0,"4":0,"5":0,"6":0,"7":0,"8":0,"9":0,"10":0,"11":0,"12":0,"13":0,"14":0,"15":0,"16":0,"17":0,"18":0,"19":0,"20":0,"21":0,"22":0,"23":0,"24":0,"25":0,"26":0,"27":0},"f":{"0":0,"1":0,"2":0,"3":0,"4":0,"5":0,"6":0,"7":0},"b":{"0":[0,0],"1":[0,0],"2":[0,0]},"meta":{"lastBranch":3,"lastFunction":8,"lastStatement":28,"seen":{"s:10:21:10:Infinity":0,"s:12:37:17:Infinity":1,"s:20:27:45:Infinity":2,"s:48:31:52:Infinity":3,"f:55:16:55:29":0,"s:56:2:62:Infinity":4,"s:57:20:57:Infinity":5,"s:58:20:58:Infinity":6,"s:59:4:59:Infinity":7,"s:61:4:61:Infinity":8,"f:66:16:66:43":1,"s:67:2:74:Infinity":9,"s:68:19:68:Infinity":10,"b:69:4:71:Infinity:undefined:undefined:undefined:undefined":0,"s:69:4:71:Infinity":11,"s:70:6:70:Infinity":12,"s:73:4:73:Infinity":13,"s:75:2:75:Infinity":14,"f:79:16:79:38":2,"s:80:2:84:Infinity":15,"s:81:4:81:Infinity":16,"s:83:4:83:Infinity":17,"f:88:16:88:31":3,"s:89:2:89:Infinity":18,"f:93:16:93:37":4,"s:94:2:94:Infinity":19,"f:98:16:98:33":5,"s:99:18:107:Infinity":20,"f:99:18:99:19":6,"b:100:4:106:Infinity:undefined:undefined:undefined:undefined":1,"s:100:4:106:Infinity":21,"b:100:8:100:34:100:34:100:46":2,"s:101:6:105:Infinity":22,"s:102:8:102:Infinity":23,"s:104:8:104:Infinity":24,"s:109:2:109:Infinity":25,"s:110:2:110:Infinity":26,"f:110:9:110:15":7,"s:110:15:110:Infinity":27}}}
,"/Users/robin/chileme/src/lib/share.ts": {"path":"/Users/robin/chileme/src/lib/share.ts","statementMap":{"0":{"start":{"line":19,"column":35},"end":{"line":55,"column":null}},"1":{"start":{"line":25,"column":19},"end":{"line":25,"column":null}},"2":{"start":{"line":26,"column":6},"end":{"line":26,"column":null}},"3":{"start":{"line":34,"column":19},"end":{"line":34,"column":null}},"4":{"start":{"line":35,"column":6},"end":{"line":35,"column":null}},"5":{"start":{"line":44,"column":6},"end":{"line":44,"column":null}},"6":{"start":{"line":52,"column":6},"end":{"line":52,"column":null}},"7":{"start":{"line":58,"column":33},"end":{"line":68,"column":null}},"8":{"start":{"line":59,"column":18},"end":{"line":65,"column":null}},"9":{"start":{"line":67,"column":2},"end":{"line":67,"column":null}},"10":{"start":{"line":71,"column":32},"end":{"line":79,"column":null}},"11":{"start":{"line":72,"column":18},"end":{"line":72,"column":null}},"12":{"start":{"line":73,"column":17},"end":{"line":77,"column":null}},"13":{"start":{"line":78,"column":2},"end":{"line":78,"column":null}},"14":{"start":{"line":82,"column":31},"end":{"line":90,"column":null}},"15":{"start":{"line":83,"column":2},"end":{"line":89,"column":null}},"16":{"start":{"line":84,"column":4},"end":{"line":84,"column":null}},"17":{"start":{"line":85,"column":4},"end":{"line":85,"column":null}},"18":{"start":{"line":87,"column":4},"end":{"line":87,"column":null}},"19":{"start":{"line":88,"column":4},"end":{"line":88,"column":null}},"20":{"start":{"line":93,"column":28},"end":{"line":104,"column":null}},"21":{"start":{"line":94,"column":2},"end":{"line":103,"column":null}},"22":{"start":{"line":96,"column":4},"end":{"line":96,"column":null}},"23":{"start":{"line":97,"column":2},"end":{"line":103,"column":null}},"24":{"start":{"line":99,"column":4},"end":{"line":99,"column":null}},"25":{"start":{"line":102,"column":4},"end":{"line":102,"column":null}},"26":{"start":{"line":107,"column":28},"end":{"line":109,"column":null}},"27":{"start":{"line":108,"column":2},"end":{"line":108,"column":null}},"28":{"start":{"line":112,"column":34},"end":{"line":124,"column":null}},"29":{"start":{"line":115,"column":2},"end":{"line":123,"column":null}},"30":{"start":{"line":127,"column":24},"end":{"line":129,"column":null}},"31":{"start":{"line":128,"column":2},"end":{"line":128,"column":null}},"32":{"start":{"line":132,"column":30},"end":{"line":147,"column":null}},"33":{"start":{"line":133,"column":2},"end":{"line":145,"column":null}},"34":{"start":{"line":134,"column":4},"end":{"line":144,"column":null}},"35":{"start":{"line":135,"column":6},"end":{"line":139,"column":null}},"36":{"start":{"line":140,"column":6},"end":{"line":140,"column":null}},"37":{"start":{"line":142,"column":6},"end":{"line":142,"column":null}},"38":{"start":{"line":143,"column":6},"end":{"line":143,"column":null}},"39":{"start":{"line":146,"column":2},"end":{"line":146,"column":null}}},"fnMap":{"0":{"name":"(anonymous_0)","decl":{"start":{"line":24,"column":12},"end":{"line":24,"column":13}},"loc":{"start":{"line":24,"column":33},"end":{"line":27,"column":null}},"line":24},"1":{"name":"(anonymous_1)","decl":{"start":{"line":33,"column":12},"end":{"line":33,"column":13}},"loc":{"start":{"line":33,"column":33},"end":{"line":36,"column":null}},"line":33},"2":{"name":"(anonymous_2)","decl":{"start":{"line":42,"column":12},"end":{"line":42,"column":13}},"loc":{"start":{"line":42,"column":33},"end":{"line":45,"column":null}},"line":42},"3":{"name":"(anonymous_3)","decl":{"start":{"line":51,"column":12},"end":{"line":51,"column":13}},"loc":{"start":{"line":51,"column":33},"end":{"line":53,"column":null}},"line":51},"4":{"name":"(anonymous_4)","decl":{"start":{"line":58,"column":33},"end":{"line":58,"column":34}},"loc":{"start":{"line":58,"column":81},"end":{"line":68,"column":null}},"line":58},"5":{"name":"(anonymous_5)","decl":{"start":{"line":71,"column":32},"end":{"line":71,"column":33}},"loc":{"start":{"line":71,"column":80},"end":{"line":79,"column":null}},"line":71},"6":{"name":"(anonymous_6)","decl":{"start":{"line":82,"column":31},"end":{"line":82,"column":38}},"loc":{"start":{"line":82,"column":73},"end":{"line":90,"column":null}},"line":82},"7":{"name":"(anonymous_7)","decl":{"start":{"line":93,"column":28},"end":{"line":93,"column":29}},"loc":{"start":{"line":93,"column":69},"end":{"line":104,"column":null}},"line":93},"8":{"name":"(anonymous_8)","decl":{"start":{"line":107,"column":28},"end":{"line":107,"column":51}},"loc":{"start":{"line":107,"column":51},"end":{"line":109,"column":null}},"line":107},"9":{"name":"(anonymous_9)","decl":{"start":{"line":112,"column":34},"end":{"line":112,"column":35}},"loc":{"start":{"line":112,"column":82},"end":{"line":124,"column":null}},"line":112},"10":{"name":"(anonymous_10)","decl":{"start":{"line":127,"column":24},"end":{"line":127,"column":39}},"loc":{"start":{"line":127,"column":39},"end":{"line":129,"column":null}},"line":127},"11":{"name":"(anonymous_11)","decl":{"start":{"line":132,"column":30},"end":{"line":132,"column":37}},"loc":{"start":{"line":132,"column":75},"end":{"line":147,"column":null}},"line":132}},"branchMap":{"0":{"loc":{"start":{"line":94,"column":2},"end":{"line":103,"column":null}},"type":"if","locations":[{"start":{"line":94,"column":2},"end":{"line":103,"column":null}},{"start":{"line":97,"column":2},"end":{"line":103,"column":null}}],"line":94},"1":{"loc":{"start":{"line":97,"column":2},"end":{"line":103,"column":null}},"type":"if","locations":[{"start":{"line":97,"column":2},"end":{"line":103,"column":null}},{"start":{"line":100,"column":9},"end":{"line":103,"column":null}}],"line":97},"2":{"loc":{"start":{"line":133,"column":2},"end":{"line":145,"column":null}},"type":"if","locations":[{"start":{"line":133,"column":2},"end":{"line":145,"column":null}},{"start":{},"end":{}}],"line":133}},"s":{"0":0,"1":0,"2":0,"3":0,"4":0,"5":0,"6":0,"7":0,"8":0,"9":0,"10":0,"11":0,"12":0,"13":0,"14":0,"15":0,"16":0,"17":0,"18":0,"19":0,"20":0,"21":0,"22":0,"23":0,"24":0,"25":0,"26":0,"27":0,"28":0,"29":0,"30":0,"31":0,"32":0,"33":0,"34":0,"35":0,"36":0,"37":0,"38":0,"39":0},"f":{"0":0,"1":0,"2":0,"3":0,"4":0,"5":0,"6":0,"7":0,"8":0,"9":0,"10":0,"11":0},"b":{"0":[0,0],"1":[0,0],"2":[0,0]},"meta":{"lastBranch":3,"lastFunction":12,"lastStatement":40,"seen":{"s:19:35:55:Infinity":0,"f:24:12:24:13":0,"s:25:19:25:Infinity":1,"s:26:6:26:Infinity":2,"f:33:12:33:13":1,"s:34:19:34:Infinity":3,"s:35:6:35:Infinity":4,"f:42:12:42:13":2,"s:44:6:44:Infinity":5,"f:51:12:51:13":3,"s:52:6:52:Infinity":6,"s:58:33:68:Infinity":7,"f:58:33:58:34":4,"s:59:18:65:Infinity":8,"s:67:2:67:Infinity":9,"s:71:32:79:Infinity":10,"f:71:32:71:33":5,"s:72:18:72:Infinity":11,"s:73:17:77:Infinity":12,"s:78:2:78:Infinity":13,"s:82:31:90:Infinity":14,"f:82:31:82:38":6,"s:83:2:89:Infinity":15,"s:84:4:84:Infinity":16,"s:85:4:85:Infinity":17,"s:87:4:87:Infinity":18,"s:88:4:88:Infinity":19,"s:93:28:104:Infinity":20,"f:93:28:93:29":7,"b:94:2:103:Infinity:97:2:103:Infinity":0,"s:94:2:103:Infinity":21,"s:96:4:96:Infinity":22,"b:97:2:103:Infinity:100:9:103:Infinity":1,"s:97:2:103:Infinity":23,"s:99:4:99:Infinity":24,"s:102:4:102:Infinity":25,"s:107:28:109:Infinity":26,"f:107:28:107:51":8,"s:108:2:108:Infinity":27,"s:112:34:124:Infinity":28,"f:112:34:112:35":9,"s:115:2:123:Infinity":29,"s:127:24:129:Infinity":30,"f:127:24:127:39":10,"s:128:2:128:Infinity":31,"s:132:30:147:Infinity":32,"f:132:30:132:37":11,"b:133:2:145:Infinity:undefined:undefined:undefined:undefined":2,"s:133:2:145:Infinity":33,"s:134:4:144:Infinity":34,"s:135:6:139:Infinity":35,"s:140:6:140:Infinity":36,"s:142:6:142:Infinity":37,"s:143:6:143:Infinity":38,"s:146:2:146:Infinity":39}}}
,"/Users/robin/chileme/src/lib/spinService.ts": {"path":"/Users/robin/chileme/src/lib/spinService.ts","statementMap":{"0":{"start":{"line":23,"column":32},"end":{"line":50,"column":null}},"1":{"start":{"line":28,"column":2},"end":{"line":49,"column":null}},"2":{"start":{"line":29,"column":28},"end":{"line":37,"column":null}},"3":{"start":{"line":39,"column":4},"end":{"line":41,"column":null}},"4":{"start":{"line":40,"column":6},"end":{"line":40,"column":null}},"5":{"start":{"line":43,"column":4},"end":{"line":43,"column":null}},"6":{"start":{"line":45,"column":4},"end":{"line":48,"column":null}},"7":{"start":{"line":53,"column":34},"end":{"line":76,"column":null}},"8":{"start":{"line":57,"column":2},"end":{"line":75,"column":null}},"9":{"start":{"line":58,"column":28},"end":{"line":63,"column":null}},"10":{"start":{"line":65,"column":4},"end":{"line":67,"column":null}},"11":{"start":{"line":66,"column":6},"end":{"line":66,"column":null}},"12":{"start":{"line":69,"column":4},"end":{"line":69,"column":null}},"13":{"start":{"line":71,"column":4},"end":{"line":74,"column":null}},"14":{"start":{"line":79,"column":33},"end":{"line":106,"column":null}},"15":{"start":{"line":82,"column":2},"end":{"line":105,"column":null}},"16":{"start":{"line":83,"column":28},"end":{"line":93,"column":null}},"17":{"start":{"line":95,"column":4},"end":{"line":97,"column":null}},"18":{"start":{"line":96,"column":6},"end":{"line":96,"column":null}},"19":{"start":{"line":99,"column":4},"end":{"line":99,"column":null}},"20":{"start":{"line":101,"column":4},"end":{"line":104,"column":null}},"21":{"start":{"line":109,"column":28},"end":{"line":136,"column":null}},"22":{"start":{"line":114,"column":2},"end":{"line":135,"column":null}},"23":{"start":{"line":115,"column":16},"end":{"line":115,"column":null}},"24":{"start":{"line":117,"column":4},"end":{"line":119,"column":null}},"25":{"start":{"line":118,"column":6},"end":{"line":118,"column":null}},"26":{"start":{"line":121,"column":28},"end":{"line":121,"column":null}},"27":{"start":{"line":123,"column":4},"end":{"line":125,"column":null}},"28":{"start":{"line":124,"column":6},"end":{"line":124,"column":null}},"29":{"start":{"line":127,"column":23},"end":{"line":127,"column":null}},"30":{"start":{"line":128,"column":24},"end":{"line":128,"column":null}},"31":{"start":{"line":128,"column":49},"end":{"line":128,"column":72}},"32":{"start":{"line":129,"column":26},"end":{"line":129,"column":null}},"33":{"start":{"line":131,"column":4},"end":{"line":131,"column":null}},"34":{"start":{"line":133,"column":4},"end":{"line":133,"column":null}},"35":{"start":{"line":134,"column":4},"end":{"line":134,"column":null}},"36":{"start":{"line":139,"column":32},"end":{"line":159,"column":null}},"37":{"start":{"line":142,"column":2},"end":{"line":158,"column":null}},"38":{"start":{"line":143,"column":22},"end":{"line":146,"column":null}},"39":{"start":{"line":148,"column":4},"end":{"line":150,"column":null}},"40":{"start":{"line":149,"column":6},"end":{"line":149,"column":null}},"41":{"start":{"line":152,"column":4},"end":{"line":152,"column":null}},"42":{"start":{"line":154,"column":4},"end":{"line":157,"column":null}}},"fnMap":{"0":{"name":"(anonymous_0)","decl":{"start":{"line":23,"column":32},"end":{"line":23,"column":null}},"loc":{"start":{"line":27,"column":34},"end":{"line":50,"column":null}},"line":27},"1":{"name":"(anonymous_1)","decl":{"start":{"line":53,"column":34},"end":{"line":53,"column":null}},"loc":{"start":{"line":56,"column":34},"end":{"line":76,"column":null}},"line":56},"2":{"name":"(anonymous_2)","decl":{"start":{"line":79,"column":33},"end":{"line":79,"column":null}},"loc":{"start":{"line":81,"column":34},"end":{"line":106,"column":null}},"line":81},"3":{"name":"(anonymous_3)","decl":{"start":{"line":109,"column":28},"end":{"line":109,"column":35}},"loc":{"start":{"line":113,"column":13},"end":{"line":136,"column":null}},"line":113},"4":{"name":"(anonymous_4)","decl":{"start":{"line":128,"column":37},"end":{"line":128,"column":38}},"loc":{"start":{"line":128,"column":49},"end":{"line":128,"column":72}},"line":128},"5":{"name":"(anonymous_5)","decl":{"start":{"line":139,"column":32},"end":{"line":139,"column":null}},"loc":{"start":{"line":141,"column":54},"end":{"line":159,"column":null}},"line":141}},"branchMap":{"0":{"loc":{"start":{"line":39,"column":4},"end":{"line":41,"column":null}},"type":"if","locations":[{"start":{"line":39,"column":4},"end":{"line":41,"column":null}},{"start":{},"end":{}}],"line":39},"1":{"loc":{"start":{"line":47,"column":15},"end":{"line":47,"column":null}},"type":"binary-expr","locations":[{"start":{"line":47,"column":15},"end":{"line":47,"column":32}},{"start":{"line":47,"column":32},"end":{"line":47,"column":null}}],"line":47},"2":{"loc":{"start":{"line":55,"column":2},"end":{"line":55,"column":null}},"type":"default-arg","locations":[{"start":{"line":55,"column":18},"end":{"line":55,"column":null}}],"line":55},"3":{"loc":{"start":{"line":65,"column":4},"end":{"line":67,"column":null}},"type":"if","locations":[{"start":{"line":65,"column":4},"end":{"line":67,"column":null}},{"start":{},"end":{}}],"line":65},"4":{"loc":{"start":{"line":69,"column":37},"end":{"line":69,"column":48}},"type":"binary-expr","locations":[{"start":{"line":69,"column":37},"end":{"line":69,"column":45}},{"start":{"line":69,"column":45},"end":{"line":69,"column":48}}],"line":69},"5":{"loc":{"start":{"line":73,"column":15},"end":{"line":73,"column":null}},"type":"binary-expr","locations":[{"start":{"line":73,"column":15},"end":{"line":73,"column":32}},{"start":{"line":73,"column":32},"end":{"line":73,"column":null}}],"line":73},"6":{"loc":{"start":{"line":80,"column":2},"end":{"line":80,"column":null}},"type":"default-arg","locations":[{"start":{"line":80,"column":18},"end":{"line":80,"column":null}}],"line":80},"7":{"loc":{"start":{"line":95,"column":4},"end":{"line":97,"column":null}},"type":"if","locations":[{"start":{"line":95,"column":4},"end":{"line":97,"column":null}},{"start":{},"end":{}}],"line":95},"8":{"loc":{"start":{"line":99,"column":37},"end":{"line":99,"column":48}},"type":"binary-expr","locations":[{"start":{"line":99,"column":37},"end":{"line":99,"column":45}},{"start":{"line":99,"column":45},"end":{"line":99,"column":48}}],"line":99},"9":{"loc":{"start":{"line":103,"column":15},"end":{"line":103,"column":null}},"type":"binary-expr","locations":[{"start":{"line":103,"column":15},"end":{"line":103,"column":32}},{"start":{"line":103,"column":32},"end":{"line":103,"column":null}}],"line":103},"10":{"loc":{"start":{"line":117,"column":4},"end":{"line":119,"column":null}},"type":"if","locations":[{"start":{"line":117,"column":4},"end":{"line":119,"column":null}},{"start":{},"end":{}}],"line":117},"11":{"loc":{"start":{"line":123,"column":4},"end":{"line":125,"column":null}},"type":"if","locations":[{"start":{"line":123,"column":4},"end":{"line":125,"column":null}},{"start":{},"end":{}}],"line":123},"12":{"loc":{"start":{"line":127,"column":23},"end":{"line":127,"column":null}},"type":"binary-expr","locations":[{"start":{"line":127,"column":23},"end":{"line":127,"column":39}},{"start":{"line":127,"column":39},"end":{"line":127,"column":null}}],"line":127},"13":{"loc":{"start":{"line":128,"column":24},"end":{"line":128,"column":null}},"type":"binary-expr","locations":[{"start":{"line":128,"column":24},"end":{"line":128,"column":78}},{"start":{"line":128,"column":78},"end":{"line":128,"column":null}}],"line":128},"14":{"loc":{"start":{"line":128,"column":56},"end":{"line":128,"column":72}},"type":"binary-expr","locations":[{"start":{"line":128,"column":56},"end":{"line":128,"column":68}},{"start":{"line":128,"column":68},"end":{"line":128,"column":72}}],"line":128},"15":{"loc":{"start":{"line":129,"column":26},"end":{"line":129,"column":null}},"type":"cond-expr","locations":[{"start":{"line":129,"column":43},"end":{"line":129,"column":82}},{"start":{"line":129,"column":82},"end":{"line":129,"column":null}}],"line":129},"16":{"loc":{"start":{"line":148,"column":4},"end":{"line":150,"column":null}},"type":"if","locations":[{"start":{"line":148,"column":4},"end":{"line":150,"column":null}},{"start":{},"end":{}}],"line":148},"17":{"loc":{"start":{"line":156,"column":15},"end":{"line":156,"column":null}},"type":"binary-expr","locations":[{"start":{"line":156,"column":15},"end":{"line":156,"column":32}},{"start":{"line":156,"column":32},"end":{"line":156,"column":null}}],"line":156}},"s":{"0":0,"1":0,"2":0,"3":0,"4":0,"5":0,"6":0,"7":0,"8":0,"9":0,"10":0,"11":0,"12":0,"13":0,"14":0,"15":0,"16":0,"17":0,"18":0,"19":0,"20":0,"21":0,"22":0,"23":0,"24":0,"25":0,"26":0,"27":0,"28":0,"29":0,"30":0,"31":0,"32":0,"33":0,"34":0,"35":0,"36":0,"37":0,"38":0,"39":0,"40":0,"41":0,"42":0},"f":{"0":0,"1":0,"2":0,"3":0,"4":0,"5":0},"b":{"0":[0,0],"1":[0,0],"2":[0],"3":[0,0],"4":[0,0],"5":[0,0],"6":[0],"7":[0,0],"8":[0,0],"9":[0,0],"10":[0,0],"11":[0,0],"12":[0,0],"13":[0,0],"14":[0,0],"15":[0,0],"16":[0,0],"17":[0,0]},"meta":{"lastBranch":18,"lastFunction":6,"lastStatement":43,"seen":{"s:23:32:50:Infinity":0,"f:23:32:23:Infinity":0,"s:28:2:49:Infinity":1,"s:29:28:37:Infinity":2,"b:39:4:41:Infinity:undefined:undefined:undefined:undefined":0,"s:39:4:41:Infinity":3,"s:40:6:40:Infinity":4,"s:43:4:43:Infinity":5,"s:45:4:48:Infinity":6,"b:47:15:47:32:47:32:47:Infinity":1,"s:53:34:76:Infinity":7,"f:53:34:53:Infinity":1,"b:55:18:55:Infinity":2,"s:57:2:75:Infinity":8,"s:58:28:63:Infinity":9,"b:65:4:67:Infinity:undefined:undefined:undefined:undefined":3,"s:65:4:67:Infinity":10,"s:66:6:66:Infinity":11,"s:69:4:69:Infinity":12,"b:69:37:69:45:69:45:69:48":4,"s:71:4:74:Infinity":13,"b:73:15:73:32:73:32:73:Infinity":5,"s:79:33:106:Infinity":14,"f:79:33:79:Infinity":2,"b:80:18:80:Infinity":6,"s:82:2:105:Infinity":15,"s:83:28:93:Infinity":16,"b:95:4:97:Infinity:undefined:undefined:undefined:undefined":7,"s:95:4:97:Infinity":17,"s:96:6:96:Infinity":18,"s:99:4:99:Infinity":19,"b:99:37:99:45:99:45:99:48":8,"s:101:4:104:Infinity":20,"b:103:15:103:32:103:32:103:Infinity":9,"s:109:28:136:Infinity":21,"f:109:28:109:35":3,"s:114:2:135:Infinity":22,"s:115:16:115:Infinity":23,"b:117:4:119:Infinity:undefined:undefined:undefined:undefined":10,"s:117:4:119:Infinity":24,"s:118:6:118:Infinity":25,"s:121:28:121:Infinity":26,"b:123:4:125:Infinity:undefined:undefined:undefined:undefined":11,"s:123:4:125:Infinity":27,"s:124:6:124:Infinity":28,"s:127:23:127:Infinity":29,"b:127:23:127:39:127:39:127:Infinity":12,"s:128:24:128:Infinity":30,"b:128:24:128:78:128:78:128:Infinity":13,"f:128:37:128:38":4,"s:128:49:128:72":31,"b:128:56:128:68:128:68:128:72":14,"s:129:26:129:Infinity":32,"b:129:43:129:82:129:82:129:Infinity":15,"s:131:4:131:Infinity":33,"s:133:4:133:Infinity":34,"s:134:4:134:Infinity":35,"s:139:32:159:Infinity":36,"f:139:32:139:Infinity":5,"s:142:2:158:Infinity":37,"s:143:22:146:Infinity":38,"b:148:4:150:Infinity:undefined:undefined:undefined:undefined":16,"s:148:4:150:Infinity":39,"s:149:6:149:Infinity":40,"s:152:4:152:Infinity":41,"s:154:4:157:Infinity":42,"b:156:15:156:32:156:32:156:Infinity":17}}}
,"/Users/robin/chileme/src/lib/userService.ts": {"path":"/Users/robin/chileme/src/lib/userService.ts","statementMap":{"0":{"start":{"line":20,"column":27},"end":{"line":38,"column":null}},"1":{"start":{"line":21,"column":2},"end":{"line":37,"column":null}},"2":{"start":{"line":22,"column":28},"end":{"line":25,"column":null}},"3":{"start":{"line":27,"column":4},"end":{"line":29,"column":null}},"4":{"start":{"line":28,"column":6},"end":{"line":28,"column":null}},"5":{"start":{"line":31,"column":4},"end":{"line":31,"column":null}},"6":{"start":{"line":33,"column":4},"end":{"line":36,"column":null}},"7":{"start":{"line":41,"column":27},"end":{"line":60,"column":null}},"8":{"start":{"line":42,"column":2},"end":{"line":59,"column":null}},"9":{"start":{"line":43,"column":28},"end":{"line":47,"column":null}},"10":{"start":{"line":49,"column":4},"end":{"line":51,"column":null}},"11":{"start":{"line":50,"column":6},"end":{"line":50,"column":null}},"12":{"start":{"line":53,"column":4},"end":{"line":53,"column":null}},"13":{"start":{"line":55,"column":4},"end":{"line":58,"column":null}},"14":{"start":{"line":63,"column":30},"end":{"line":86,"column":null}},"15":{"start":{"line":67,"column":2},"end":{"line":85,"column":null}},"16":{"start":{"line":68,"column":28},"end":{"line":73,"column":null}},"17":{"start":{"line":75,"column":4},"end":{"line":77,"column":null}},"18":{"start":{"line":76,"column":6},"end":{"line":76,"column":null}},"19":{"start":{"line":79,"column":4},"end":{"line":79,"column":null}},"20":{"start":{"line":81,"column":4},"end":{"line":84,"column":null}},"21":{"start":{"line":89,"column":26},"end":{"line":112,"column":null}},"22":{"start":{"line":93,"column":2},"end":{"line":111,"column":null}},"23":{"start":{"line":94,"column":28},"end":{"line":99,"column":null}},"24":{"start":{"line":101,"column":4},"end":{"line":103,"column":null}},"25":{"start":{"line":102,"column":6},"end":{"line":102,"column":null}},"26":{"start":{"line":105,"column":4},"end":{"line":105,"column":null}},"27":{"start":{"line":107,"column":4},"end":{"line":110,"column":null}},"28":{"start":{"line":115,"column":26},"end":{"line":135,"column":null}},"29":{"start":{"line":116,"column":2},"end":{"line":134,"column":null}},"30":{"start":{"line":118,"column":4},"end":{"line":118,"column":null}},"31":{"start":{"line":119,"column":4},"end":{"line":119,"column":null}},"32":{"start":{"line":122,"column":22},"end":{"line":122,"column":null}},"33":{"start":{"line":124,"column":4},"end":{"line":126,"column":null}},"34":{"start":{"line":125,"column":6},"end":{"line":125,"column":null}},"35":{"start":{"line":128,"column":4},"end":{"line":128,"column":null}},"36":{"start":{"line":130,"column":4},"end":{"line":133,"column":null}},"37":{"start":{"line":138,"column":28},"end":{"line":157,"column":null}},"38":{"start":{"line":139,"column":2},"end":{"line":156,"column":null}},"39":{"start":{"line":140,"column":28},"end":{"line":142,"column":null}},"40":{"start":{"line":144,"column":4},"end":{"line":146,"column":null}},"41":{"start":{"line":145,"column":6},"end":{"line":145,"column":null}},"42":{"start":{"line":148,"column":18},"end":{"line":148,"column":null}},"43":{"start":{"line":149,"column":19},"end":{"line":149,"column":null}},"44":{"start":{"line":149,"column":37},"end":{"line":149,"column":55}},"45":{"start":{"line":150,"column":18},"end":{"line":150,"column":null}},"46":{"start":{"line":152,"column":4},"end":{"line":152,"column":null}},"47":{"start":{"line":154,"column":4},"end":{"line":154,"column":null}},"48":{"start":{"line":155,"column":4},"end":{"line":155,"column":null}}},"fnMap":{"0":{"name":"(anonymous_0)","decl":{"start":{"line":20,"column":27},"end":{"line":20,"column":62}},"loc":{"start":{"line":20,"column":62},"end":{"line":38,"column":null}},"line":20},"1":{"name":"(anonymous_1)","decl":{"start":{"line":41,"column":27},"end":{"line":41,"column":34}},"loc":{"start":{"line":41,"column":76},"end":{"line":60,"column":null}},"line":41},"2":{"name":"(anonymous_2)","decl":{"start":{"line":63,"column":30},"end":{"line":63,"column":null}},"loc":{"start":{"line":66,"column":28},"end":{"line":86,"column":null}},"line":66},"3":{"name":"(anonymous_3)","decl":{"start":{"line":89,"column":26},"end":{"line":89,"column":null}},"loc":{"start":{"line":92,"column":28},"end":{"line":112,"column":null}},"line":92},"4":{"name":"(anonymous_4)","decl":{"start":{"line":115,"column":26},"end":{"line":115,"column":33}},"loc":{"start":{"line":115,"column":101},"end":{"line":135,"column":null}},"line":115},"5":{"name":"(anonymous_5)","decl":{"start":{"line":138,"column":28},"end":{"line":138,"column":106}},"loc":{"start":{"line":138,"column":106},"end":{"line":157,"column":null}},"line":138},"6":{"name":"(anonymous_6)","decl":{"start":{"line":149,"column":32},"end":{"line":149,"column":37}},"loc":{"start":{"line":149,"column":37},"end":{"line":149,"column":55}},"line":149}},"branchMap":{"0":{"loc":{"start":{"line":27,"column":4},"end":{"line":29,"column":null}},"type":"if","locations":[{"start":{"line":27,"column":4},"end":{"line":29,"column":null}},{"start":{},"end":{}}],"line":27},"1":{"loc":{"start":{"line":31,"column":35},"end":{"line":31,"column":46}},"type":"binary-expr","locations":[{"start":{"line":31,"column":35},"end":{"line":31,"column":43}},{"start":{"line":31,"column":43},"end":{"line":31,"column":46}}],"line":31},"2":{"loc":{"start":{"line":35,"column":15},"end":{"line":35,"column":null}},"type":"binary-expr","locations":[{"start":{"line":35,"column":15},"end":{"line":35,"column":32}},{"start":{"line":35,"column":32},"end":{"line":35,"column":null}}],"line":35},"3":{"loc":{"start":{"line":49,"column":4},"end":{"line":51,"column":null}},"type":"if","locations":[{"start":{"line":49,"column":4},"end":{"line":51,"column":null}},{"start":{},"end":{}}],"line":49},"4":{"loc":{"start":{"line":57,"column":15},"end":{"line":57,"column":null}},"type":"binary-expr","locations":[{"start":{"line":57,"column":15},"end":{"line":57,"column":32}},{"start":{"line":57,"column":32},"end":{"line":57,"column":null}}],"line":57},"5":{"loc":{"start":{"line":75,"column":4},"end":{"line":77,"column":null}},"type":"if","locations":[{"start":{"line":75,"column":4},"end":{"line":77,"column":null}},{"start":{},"end":{}}],"line":75},"6":{"loc":{"start":{"line":83,"column":15},"end":{"line":83,"column":null}},"type":"binary-expr","locations":[{"start":{"line":83,"column":15},"end":{"line":83,"column":32}},{"start":{"line":83,"column":32},"end":{"line":83,"column":null}}],"line":83},"7":{"loc":{"start":{"line":101,"column":4},"end":{"line":103,"column":null}},"type":"if","locations":[{"start":{"line":101,"column":4},"end":{"line":103,"column":null}},{"start":{},"end":{}}],"line":101},"8":{"loc":{"start":{"line":109,"column":15},"end":{"line":109,"column":null}},"type":"binary-expr","locations":[{"start":{"line":109,"column":15},"end":{"line":109,"column":32}},{"start":{"line":109,"column":32},"end":{"line":109,"column":null}}],"line":109},"9":{"loc":{"start":{"line":124,"column":4},"end":{"line":126,"column":null}},"type":"if","locations":[{"start":{"line":124,"column":4},"end":{"line":126,"column":null}},{"start":{},"end":{}}],"line":124},"10":{"loc":{"start":{"line":132,"column":15},"end":{"line":132,"column":null}},"type":"binary-expr","locations":[{"start":{"line":132,"column":15},"end":{"line":132,"column":32}},{"start":{"line":132,"column":32},"end":{"line":132,"column":null}}],"line":132},"11":{"loc":{"start":{"line":144,"column":4},"end":{"line":146,"column":null}},"type":"if","locations":[{"start":{"line":144,"column":4},"end":{"line":146,"column":null}},{"start":{},"end":{}}],"line":144},"12":{"loc":{"start":{"line":148,"column":18},"end":{"line":148,"column":null}},"type":"binary-expr","locations":[{"start":{"line":148,"column":18},"end":{"line":148,"column":34}},{"start":{"line":148,"column":34},"end":{"line":148,"column":null}}],"line":148},"13":{"loc":{"start":{"line":149,"column":19},"end":{"line":149,"column":null}},"type":"binary-expr","locations":[{"start":{"line":149,"column":19},"end":{"line":149,"column":67}},{"start":{"line":149,"column":67},"end":{"line":149,"column":null}}],"line":149}},"s":{"0":0,"1":0,"2":0,"3":0,"4":0,"5":0,"6":0,"7":0,"8":0,"9":0,"10":0,"11":0,"12":0,"13":0,"14":0,"15":0,"16":0,"17":0,"18":0,"19":0,"20":0,"21":0,"22":0,"23":0,"24":0,"25":0,"26":0,"27":0,"28":0,"29":0,"30":0,"31":0,"32":0,"33":0,"34":0,"35":0,"36":0,"37":0,"38":0,"39":0,"40":0,"41":0,"42":0,"43":0,"44":0,"45":0,"46":0,"47":0,"48":0},"f":{"0":0,"1":0,"2":0,"3":0,"4":0,"5":0,"6":0},"b":{"0":[0,0],"1":[0,0],"2":[0,0],"3":[0,0],"4":[0,0],"5":[0,0],"6":[0,0],"7":[0,0],"8":[0,0],"9":[0,0],"10":[0,0],"11":[0,0],"12":[0,0],"13":[0,0]},"meta":{"lastBranch":14,"lastFunction":7,"lastStatement":49,"seen":{"s:20:27:38:Infinity":0,"f:20:27:20:62":0,"s:21:2:37:Infinity":1,"s:22:28:25:Infinity":2,"b:27:4:29:Infinity:undefined:undefined:undefined:undefined":0,"s:27:4:29:Infinity":3,"s:28:6:28:Infinity":4,"s:31:4:31:Infinity":5,"b:31:35:31:43:31:43:31:46":1,"s:33:4:36:Infinity":6,"b:35:15:35:32:35:32:35:Infinity":2,"s:41:27:60:Infinity":7,"f:41:27:41:34":1,"s:42:2:59:Infinity":8,"s:43:28:47:Infinity":9,"b:49:4:51:Infinity:undefined:undefined:undefined:undefined":3,"s:49:4:51:Infinity":10,"s:50:6:50:Infinity":11,"s:53:4:53:Infinity":12,"s:55:4:58:Infinity":13,"b:57:15:57:32:57:32:57:Infinity":4,"s:63:30:86:Infinity":14,"f:63:30:63:Infinity":2,"s:67:2:85:Infinity":15,"s:68:28:73:Infinity":16,"b:75:4:77:Infinity:undefined:undefined:undefined:undefined":5,"s:75:4:77:Infinity":17,"s:76:6:76:Infinity":18,"s:79:4:79:Infinity":19,"s:81:4:84:Infinity":20,"b:83:15:83:32:83:32:83:Infinity":6,"s:89:26:112:Infinity":21,"f:89:26:89:Infinity":3,"s:93:2:111:Infinity":22,"s:94:28:99:Infinity":23,"b:101:4:103:Infinity:undefined:undefined:undefined:undefined":7,"s:101:4:103:Infinity":24,"s:102:6:102:Infinity":25,"s:105:4:105:Infinity":26,"s:107:4:110:Infinity":27,"b:109:15:109:32:109:32:109:Infinity":8,"s:115:26:135:Infinity":28,"f:115:26:115:33":4,"s:116:2:134:Infinity":29,"s:118:4:118:Infinity":30,"s:119:4:119:Infinity":31,"s:122:22:122:Infinity":32,"b:124:4:126:Infinity:undefined:undefined:undefined:undefined":9,"s:124:4:126:Infinity":33,"s:125:6:125:Infinity":34,"s:128:4:128:Infinity":35,"s:130:4:133:Infinity":36,"b:132:15:132:32:132:32:132:Infinity":10,"s:138:28:157:Infinity":37,"f:138:28:138:106":5,"s:139:2:156:Infinity":38,"s:140:28:142:Infinity":39,"b:144:4:146:Infinity:undefined:undefined:undefined:undefined":11,"s:144:4:146:Infinity":40,"s:145:6:145:Infinity":41,"s:148:18:148:Infinity":42,"b:148:18:148:34:148:34:148:Infinity":12,"s:149:19:149:Infinity":43,"b:149:19:149:67:149:67:149:Infinity":13,"f:149:32:149:37":6,"s:149:37:149:55":44,"s:150:18:150:Infinity":45,"s:152:4:152:Infinity":46,"s:154:4:154:Infinity":47,"s:155:4:155:Infinity":48}}}
,"/Users/robin/chileme/src/utils/auth.ts": {"path":"/Users/robin/chileme/src/utils/auth.ts","statementMap":{"0":{"start":{"line":4,"column":22},"end":{"line":7,"column":null}},"1":{"start":{"line":10,"column":31},"end":{"line":20,"column":null}},"2":{"start":{"line":11,"column":20},"end":{"line":11,"column":null}},"3":{"start":{"line":12,"column":2},"end":{"line":12,"column":null}},"4":{"start":{"line":12,"column":18},"end":{"line":12,"column":null}},"5":{"start":{"line":15,"column":23},"end":{"line":15,"column":null}},"6":{"start":{"line":16,"column":14},"end":{"line":16,"column":null}},"7":{"start":{"line":17,"column":8},"end":{"line":17,"column":null}},"8":{"start":{"line":19,"column":2},"end":{"line":19,"column":null}},"9":{"start":{"line":23,"column":21},"end":{"line":29,"column":null}},"10":{"start":{"line":24,"column":2},"end":{"line":27,"column":null}},"11":{"start":{"line":25,"column":4},"end":{"line":25,"column":null}},"12":{"start":{"line":26,"column":4},"end":{"line":26,"column":null}},"13":{"start":{"line":28,"column":2},"end":{"line":28,"column":null}},"14":{"start":{"line":32,"column":22},"end":{"line":34,"column":null}},"15":{"start":{"line":33,"column":2},"end":{"line":33,"column":null}}},"fnMap":{"0":{"name":"(anonymous_0)","decl":{"start":{"line":10,"column":31},"end":{"line":10,"column":46}},"loc":{"start":{"line":10,"column":46},"end":{"line":20,"column":null}},"line":10},"1":{"name":"(anonymous_1)","decl":{"start":{"line":23,"column":21},"end":{"line":23,"column":22}},"loc":{"start":{"line":23,"column":70},"end":{"line":29,"column":null}},"line":23},"2":{"name":"(anonymous_2)","decl":{"start":{"line":32,"column":22},"end":{"line":32,"column":34}},"loc":{"start":{"line":32,"column":34},"end":{"line":34,"column":null}},"line":32}},"branchMap":{"0":{"loc":{"start":{"line":12,"column":2},"end":{"line":12,"column":null}},"type":"if","locations":[{"start":{"line":12,"column":2},"end":{"line":12,"column":null}},{"start":{},"end":{}}],"line":12},"1":{"loc":{"start":{"line":24,"column":2},"end":{"line":27,"column":null}},"type":"if","locations":[{"start":{"line":24,"column":2},"end":{"line":27,"column":null}},{"start":{},"end":{}}],"line":24},"2":{"loc":{"start":{"line":24,"column":6},"end":{"line":24,"column":82}},"type":"binary-expr","locations":[{"start":{"line":24,"column":6},"end":{"line":24,"column":45}},{"start":{"line":24,"column":45},"end":{"line":24,"column":82}}],"line":24}},"s":{"0":0,"1":0,"2":0,"3":0,"4":0,"5":0,"6":0,"7":0,"8":0,"9":0,"10":0,"11":0,"12":0,"13":0,"14":0,"15":0},"f":{"0":0,"1":0,"2":0},"b":{"0":[0,0],"1":[0,0],"2":[0,0]},"meta":{"lastBranch":3,"lastFunction":3,"lastStatement":16,"seen":{"s:4:22:7:Infinity":0,"s:10:31:20:Infinity":1,"f:10:31:10:46":0,"s:11:20:11:Infinity":2,"b:12:2:12:Infinity:undefined:undefined:undefined:undefined":0,"s:12:2:12:Infinity":3,"s:12:18:12:Infinity":4,"s:15:23:15:Infinity":5,"s:16:14:16:Infinity":6,"s:17:8:17:Infinity":7,"s:19:2:19:Infinity":8,"s:23:21:29:Infinity":9,"f:23:21:23:22":1,"b:24:2:27:Infinity:undefined:undefined:undefined:undefined":1,"s:24:2:27:Infinity":10,"b:24:6:24:45:24:45:24:82":2,"s:25:4:25:Infinity":11,"s:26:4:26:Infinity":12,"s:28:2:28:Infinity":13,"s:32:22:34:Infinity":14,"f:32:22:32:34":2,"s:33:2:33:Infinity":15}}}
,"/Users/robin/chileme/src/utils/productManager.ts": {"path":"/Users/robin/chileme/src/utils/productManager.ts","statementMap":{"0":{"start":{"line":4,"column":31},"end":{"line":10,"column":null}},"1":{"start":{"line":22,"column":20},"end":{"line":22,"column":null}},"2":{"start":{"line":25,"column":28},"end":{"line":35,"column":null}},"3":{"start":{"line":26,"column":2},"end":{"line":33,"column":null}},"4":{"start":{"line":27,"column":18},"end":{"line":27,"column":null}},"5":{"start":{"line":28,"column":4},"end":{"line":30,"column":null}},"6":{"start":{"line":29,"column":6},"end":{"line":29,"column":null}},"7":{"start":{"line":32,"column":4},"end":{"line":32,"column":null}},"8":{"start":{"line":34,"column":2},"end":{"line":34,"column":null}},"9":{"start":{"line":38,"column":28},"end":{"line":44,"column":null}},"10":{"start":{"line":39,"column":2},"end":{"line":43,"column":null}},"11":{"start":{"line":40,"column":4},"end":{"line":40,"column":null}},"12":{"start":{"line":42,"column":4},"end":{"line":42,"column":null}},"13":{"start":{"line":47,"column":37},"end":{"line":50,"column":null}},"14":{"start":{"line":48,"column":19},"end":{"line":48,"column":null}},"15":{"start":{"line":49,"column":2},"end":{"line":49,"column":null}},"16":{"start":{"line":53,"column":26},"end":{"line":68,"column":null}},"17":{"start":{"line":54,"column":19},"end":{"line":54,"column":null}},"18":{"start":{"line":55,"column":30},"end":{"line":58,"column":null}},"19":{"start":{"line":60,"column":2},"end":{"line":62,"column":null}},"20":{"start":{"line":61,"column":4},"end":{"line":61,"column":null}},"21":{"start":{"line":64,"column":2},"end":{"line":64,"column":null}},"22":{"start":{"line":65,"column":2},"end":{"line":65,"column":null}},"23":{"start":{"line":67,"column":2},"end":{"line":67,"column":null}},"24":{"start":{"line":71,"column":29},"end":{"line":84,"column":null}},"25":{"start":{"line":72,"column":19},"end":{"line":72,"column":null}},"26":{"start":{"line":73,"column":27},"end":{"line":73,"column":null}},"27":{"start":{"line":75,"column":2},"end":{"line":75,"column":null}},"28":{"start":{"line":75,"column":25},"end":{"line":75,"column":null}},"29":{"start":{"line":77,"column":16},"end":{"line":77,"column":null}},"30":{"start":{"line":77,"column":48},"end":{"line":77,"column":66}},"31":{"start":{"line":78,"column":2},"end":{"line":78,"column":null}},"32":{"start":{"line":78,"column":20},"end":{"line":78,"column":null}},"33":{"start":{"line":80,"column":2},"end":{"line":80,"column":null}},"34":{"start":{"line":81,"column":2},"end":{"line":81,"column":null}},"35":{"start":{"line":83,"column":2},"end":{"line":83,"column":null}},"36":{"start":{"line":87,"column":29},"end":{"line":100,"column":null}},"37":{"start":{"line":88,"column":19},"end":{"line":88,"column":null}},"38":{"start":{"line":89,"column":27},"end":{"line":89,"column":null}},"39":{"start":{"line":91,"column":2},"end":{"line":91,"column":null}},"40":{"start":{"line":91,"column":25},"end":{"line":91,"column":null}},"41":{"start":{"line":93,"column":24},"end":{"line":93,"column":null}},"42":{"start":{"line":94,"column":2},"end":{"line":94,"column":null}},"43":{"start":{"line":94,"column":52},"end":{"line":94,"column":70}},"44":{"start":{"line":96,"column":2},"end":{"line":96,"column":null}},"45":{"start":{"line":96,"column":51},"end":{"line":96,"column":null}},"46":{"start":{"line":98,"column":2},"end":{"line":98,"column":null}},"47":{"start":{"line":99,"column":2},"end":{"line":99,"column":null}}},"fnMap":{"0":{"name":"(anonymous_0)","decl":{"start":{"line":25,"column":28},"end":{"line":25,"column":61}},"loc":{"start":{"line":25,"column":61},"end":{"line":35,"column":null}},"line":25},"1":{"name":"(anonymous_1)","decl":{"start":{"line":38,"column":28},"end":{"line":38,"column":29}},"loc":{"start":{"line":38,"column":75},"end":{"line":44,"column":null}},"line":38},"2":{"name":"(anonymous_2)","decl":{"start":{"line":47,"column":37},"end":{"line":47,"column":38}},"loc":{"start":{"line":47,"column":70},"end":{"line":50,"column":null}},"line":47},"3":{"name":"(anonymous_3)","decl":{"start":{"line":53,"column":26},"end":{"line":53,"column":27}},"loc":{"start":{"line":53,"column":87},"end":{"line":68,"column":null}},"line":53},"4":{"name":"(anonymous_4)","decl":{"start":{"line":71,"column":29},"end":{"line":71,"column":30}},"loc":{"start":{"line":71,"column":106},"end":{"line":84,"column":null}},"line":71},"5":{"name":"(anonymous_5)","decl":{"start":{"line":77,"column":43},"end":{"line":77,"column":48}},"loc":{"start":{"line":77,"column":48},"end":{"line":77,"column":66}},"line":77},"6":{"name":"(anonymous_6)","decl":{"start":{"line":87,"column":29},"end":{"line":87,"column":30}},"loc":{"start":{"line":87,"column":79},"end":{"line":100,"column":null}},"line":87},"7":{"name":"(anonymous_7)","decl":{"start":{"line":94,"column":47},"end":{"line":94,"column":52}},"loc":{"start":{"line":94,"column":52},"end":{"line":94,"column":70}},"line":94}},"branchMap":{"0":{"loc":{"start":{"line":28,"column":4},"end":{"line":30,"column":null}},"type":"if","locations":[{"start":{"line":28,"column":4},"end":{"line":30,"column":null}},{"start":{},"end":{}}],"line":28},"1":{"loc":{"start":{"line":49,"column":9},"end":{"line":49,"column":null}},"type":"binary-expr","locations":[{"start":{"line":49,"column":9},"end":{"line":49,"column":31}},{"start":{"line":49,"column":31},"end":{"line":49,"column":null}}],"line":49},"2":{"loc":{"start":{"line":60,"column":2},"end":{"line":62,"column":null}},"type":"if","locations":[{"start":{"line":60,"column":2},"end":{"line":62,"column":null}},{"start":{},"end":{}}],"line":60},"3":{"loc":{"start":{"line":75,"column":2},"end":{"line":75,"column":null}},"type":"if","locations":[{"start":{"line":75,"column":2},"end":{"line":75,"column":null}},{"start":{},"end":{}}],"line":75},"4":{"loc":{"start":{"line":78,"column":2},"end":{"line":78,"column":null}},"type":"if","locations":[{"start":{"line":78,"column":2},"end":{"line":78,"column":null}},{"start":{},"end":{}}],"line":78},"5":{"loc":{"start":{"line":91,"column":2},"end":{"line":91,"column":null}},"type":"if","locations":[{"start":{"line":91,"column":2},"end":{"line":91,"column":null}},{"start":{},"end":{}}],"line":91},"6":{"loc":{"start":{"line":96,"column":2},"end":{"line":96,"column":null}},"type":"if","locations":[{"start":{"line":96,"column":2},"end":{"line":96,"column":null}},{"start":{},"end":{}}],"line":96}},"s":{"0":0,"1":0,"2":0,"3":0,"4":0,"5":0,"6":0,"7":0,"8":0,"9":0,"10":0,"11":0,"12":0,"13":0,"14":0,"15":0,"16":0,"17":0,"18":0,"19":0,"20":0,"21":0,"22":0,"23":0,"24":0,"25":0,"26":0,"27":0,"28":0,"29":0,"30":0,"31":0,"32":0,"33":0,"34":0,"35":0,"36":0,"37":0,"38":0,"39":0,"40":0,"41":0,"42":0,"43":0,"44":0,"45":0,"46":0,"47":0},"f":{"0":0,"1":0,"2":0,"3":0,"4":0,"5":0,"6":0,"7":0},"b":{"0":[0,0],"1":[0,0],"2":[0,0],"3":[0,0],"4":[0,0],"5":[0,0],"6":[0,0]},"meta":{"lastBranch":7,"lastFunction":8,"lastStatement":48,"seen":{"s:4:31:10:Infinity":0,"s:22:20:22:Infinity":1,"s:25:28:35:Infinity":2,"f:25:28:25:61":0,"s:26:2:33:Infinity":3,"s:27:18:27:Infinity":4,"b:28:4:30:Infinity:undefined:undefined:undefined:undefined":0,"s:28:4:30:Infinity":5,"s:29:6:29:Infinity":6,"s:32:4:32:Infinity":7,"s:34:2:34:Infinity":8,"s:38:28:44:Infinity":9,"f:38:28:38:29":1,"s:39:2:43:Infinity":10,"s:40:4:40:Infinity":11,"s:42:4:42:Infinity":12,"s:47:37:50:Infinity":13,"f:47:37:47:38":2,"s:48:19:48:Infinity":14,"s:49:2:49:Infinity":15,"b:49:9:49:31:49:31:49:Infinity":1,"s:53:26:68:Infinity":16,"f:53:26:53:27":3,"s:54:19:54:Infinity":17,"s:55:30:58:Infinity":18,"b:60:2:62:Infinity:undefined:undefined:undefined:undefined":2,"s:60:2:62:Infinity":19,"s:61:4:61:Infinity":20,"s:64:2:64:Infinity":21,"s:65:2:65:Infinity":22,"s:67:2:67:Infinity":23,"s:71:29:84:Infinity":24,"f:71:29:71:30":4,"s:72:19:72:Infinity":25,"s:73:27:73:Infinity":26,"b:75:2:75:Infinity:undefined:undefined:undefined:undefined":3,"s:75:2:75:Infinity":27,"s:75:25:75:Infinity":28,"s:77:16:77:Infinity":29,"f:77:43:77:48":5,"s:77:48:77:66":30,"b:78:2:78:Infinity:undefined:undefined:undefined:undefined":4,"s:78:2:78:Infinity":31,"s:78:20:78:Infinity":32,"s:80:2:80:Infinity":33,"s:81:2:81:Infinity":34,"s:83:2:83:Infinity":35,"s:87:29:100:Infinity":36,"f:87:29:87:30":6,"s:88:19:88:Infinity":37,"s:89:27:89:Infinity":38,"b:91:2:91:Infinity:undefined:undefined:undefined:undefined":5,"s:91:2:91:Infinity":39,"s:91:25:91:Infinity":40,"s:93:24:93:Infinity":41,"s:94:2:94:Infinity":42,"f:94:47:94:52":7,"s:94:52:94:70":43,"b:96:2:96:Infinity:undefined:undefined:undefined:undefined":6,"s:96:2:96:Infinity":44,"s:96:51:96:Infinity":45,"s:98:2:98:Infinity":46,"s:99:2:99:Infinity":47}}}
}
